** SIEGE 4.1.6
** Preparing 200 concurrent users for battle.
The server is now under siege...
[0;34mHTTP/1.1 200     0.05 secs:      54 bytes ==> POST http://localhost:8080/[0m
[0;34mHTTP/1.1 200     0.08 secs:      54 bytes ==> POST http://localhost:8080/[0m
[0;34mHTTP/1.1 200     0.11 secs:      54 bytes ==> POST http://localhost:8080/[0m
[[1;33merror[0m] socket: unable to connect sock.c:282: Connection reset by peer
[[1;33merror[0m] socket: unable to connect sock.c:282: Connection reset by peer
[[1;33merror[0m] socket: unable to connect sock.c:282: Connection reset by peer
[0;34mHTTP/1.1 200     0.10 secs:      54 bytes ==> POST http://localhost:8080/[0m
[0;34mHTTP/1.1 200     0.15 secs:      54 bytes ==> POST http://localhost:8080/[0m
[0;34mHTTP/1.1 200     0.11 secs:      54 bytes ==> POST http://localhost:8080/[0m
[0;34mHTTP/1.1 200     0.19 secs:      54 bytes ==> POST http://localhost:8080/[0m
[0;34mHTTP/1.1 200     0.14 secs:      54 bytes ==> POST http://localhost:8080/[0m
[0;34mHTTP/1.1 200     0.25 secs:      54 bytes ==> POST http://localhost:8080/[0m
[[1;33merror[0m] socket: unable to connect sock.c:282: Connection reset by peer
[[1;33merror[0m] socket: unable to connect sock.c:282: Connection reset by peer
[[1;33merror[0m] socket: unable to connect sock.c:282: Connection reset by peer
[[1;33merror[0m] socket: unable to connect sock.c:282: Connection reset by peer
[[1;33merror[0m] socket: unable to connect sock.c:282: Connection reset by peer
[[1;33merror[0m] socket: unable to connect sock.c:282: Connection reset by peer
[[1;33merror[0m] socket: unable to connect sock.c:282: Connection reset by peer
[[1;33merror[0m] socket: unable to connect sock.c:282: Connection reset by peer
[[1;33merror[0m] socket: unable to connect sock.c:282: Connection reset by peer
[[1;33merror[0m] socket: unable to connect sock.c:282: Connection reset by peer
[[1;33merror[0m] socket: unable to connect sock.c:282: Connection reset by peer
[[1;33merror[0m] socket: unable to connect sock.c:282: Connection reset by peer
[[1;33merror[0m] socket: unable to connect sock.c:282: Connection reset by peer
[[1;33merror[0m] socket: unable to connect sock.c:282: Connection reset by peer
[[1;33merror[0m] socket: unable to connect sock.c:282: Connection reset by peer
[[1;33merror[0m] socket: unable to connect sock.c:282: Connection reset by peer
[[1;33merror[0m] socket: unable to connect sock.c:282: Connection reset by peer
[[1;33merror[0m] socket: unable to connect sock.c:282: Connection reset by peer
[[1;33merror[0m] socket: unable to connect sock.c:282: Connection reset by peer
[[1;33merror[0m] socket: unable to connect sock.c:282: Connection reset by peer
[[1;33merror[0m] socket: unable to connect sock.c:282: Connection reset by peer
[[1;33merror[0m] socket: unable to connect sock.c:282: Connection reset by peer
[[1;33merror[0m] socket: unable to connect sock.c:282: Connection reset by peer
[[1;33merror[0m] socket: unable to connect sock.c:282: Connection reset by peer
[[1;33merror[0m] socket: unable to connect sock.c:282: Connection reset by peer
[[1;33merror[0m] socket: unable to connect sock.c:282: Connection reset by peer
[[1;33merror[0m] socket: unable to connect sock.c:282: Connection reset by peer
[[1;33merror[0m] socket: unable to connect sock.c:282: Connection reset by peer
[[1;33merror[0m] socket: unable to connect sock.c:282: Connection reset by peer
[[1;33merror[0m] socket: unable to connect sock.c:282: Connection reset by peer
[[1;33merror[0m] socket: unable to connect sock.c:282: Connection reset by peer
[[1;33merror[0m] socket: unable to connect sock.c:282: Connection reset by peer
[[1;33merror[0m] socket: unable to connect sock.c:282: Connection reset by peer
[[1;33merror[0m] socket: unable to connect sock.c:282: Connection reset by peer
[[1;33merror[0m] socket: unable to connect sock.c:282: Connection reset by peer
[[1;33merror[0m] socket: unable to connect sock.c:282: Connection reset by peer
[0;34mHTTP/1.1 200     0.16 secs:      54 bytes ==> POST http://localhost:8080/[0m
[0;34mHTTP/1.1 200     0.16 secs:      54 bytes ==> POST http://localhost:8080/[0m
[0;34mHTTP/1.1 200     0.31 secs:      54 bytes ==> POST http://localhost:8080/[0m
[0;34mHTTP/1.1 200     0.18 secs:      54 bytes ==> POST http://localhost:8080/[0m
[0;34mHTTP/1.1 200     0.18 secs:      54 bytes ==> POST http://localhost:8080/[0m
[0;34mHTTP/1.1 200     0.37 secs:      54 bytes ==> POST http://localhost:8080/[0m
[[1;33merror[0m] socket: unable to connect sock.c:282: Connection reset by peer
[[1;33merror[0m] socket: unable to connect sock.c:282: Connection reset by peer
[[1;33merror[0m] socket: unable to connect sock.c:282: Connection reset by peer
[[1;33merror[0m] socket: unable to connect sock.c:282: Connection reset by peer
[[1;33merror[0m] socket: unable to connect sock.c:282: Connection reset by peer
[[1;33merror[0m] socket: unable to connect sock.c:282: Connection reset by peer
[[1;33merror[0m] socket: unable to connect sock.c:282: Connection reset by peer
[[1;33merror[0m] socket: unable to connect sock.c:282: Connection reset by peer
[0;34mHTTP/1.1 200     0.20 secs:      54 bytes ==> POST http://localhost:8080/[0m
[0;34mHTTP/1.1 200     0.20 secs:      54 bytes ==> POST http://localhost:8080/[0m
[0;34mHTTP/1.1 200     0.45 secs:      54 bytes ==> POST http://localhost:8080/[0m
[[1;33merror[0m] socket: unable to connect sock.c:282: Connection reset by peer
[0;34mHTTP/1.1 200     0.22 secs:      54 bytes ==> POST http://localhost:8080/[0m
[0;34mHTTP/1.1 200     0.22 secs:      54 bytes ==> POST http://localhost:8080/[0m
[0;34mHTTP/1.1 200     0.22 secs:      54 bytes ==> POST http://localhost:8080/[0m
[0;34mHTTP/1.1 200     0.53 secs:      54 bytes ==> POST http://localhost:8080/[0m
[0;34mHTTP/1.1 200     0.24 secs:      54 bytes ==> POST http://localhost:8080/[0m
[0;34mHTTP/1.1 200     0.24 secs:      54 bytes ==> POST http://localhost:8080/[0m
[0;34mHTTP/1.1 200     0.24 secs:      54 bytes ==> POST http://localhost:8080/[0m
[0;34mHTTP/1.1 200     0.61 secs:      54 bytes ==> POST http://localhost:8080/[0m
[0;34mHTTP/1.1 200     0.30 secs:      54 bytes ==> POST http://localhost:8080/[0m
[0;34mHTTP/1.1 200     0.30 secs:      54 bytes ==> POST http://localhost:8080/[0m
[0;34mHTTP/1.1 200     0.30 secs:      54 bytes ==> POST http://localhost:8080/[0m
[0;34mHTTP/1.1 200     0.75 secs:      54 bytes ==> POST http://localhost:8080/[0m
[0;34mHTTP/1.1 200     0.32 secs:      54 bytes ==> POST http://localhost:8080/[0m
[0;34mHTTP/1.1 200     0.32 secs:      54 bytes ==> POST http://localhost:8080/[0m
[0;34mHTTP/1.1 200     0.32 secs:      54 bytes ==> POST http://localhost:8080/[0m
[0;34mHTTP/1.1 200     0.32 secs:      54 bytes ==> POST http://localhost:8080/[0m
[0;34mHTTP/1.1 200     0.85 secs:      54 bytes ==> POST http://localhost:8080/[0m
[[1;33merror[0m] socket: unable to connect sock.c:282: Connection reset by peer
[[1;33merror[0m] socket: unable to connect sock.c:282: Connection reset by peer
[[1;33merror[0m] socket: unable to connect sock.c:282: Connection reset by peer
[[1;33merror[0m] socket: unable to connect sock.c:282: Connection reset by peer
[[1;33merror[0m] socket: unable to connect sock.c:282: Connection reset by peer
[[1;33merror[0m] socket: unable to connect sock.c:282: Connection reset by peer
[[1;33merror[0m] socket: unable to connect sock.c:282: Connection reset by peer
[[1;33merror[0m] socket: unable to connect sock.c:282: Connection reset by peer
[[1;33merror[0m] Host not found: localhost
: Too many open files
[[1;33merror[0m] Host not found: localhost
: Too many open files
[[1;33merror[0m] Host not found: localhost
: Too many open files
[[1;33merror[0m] Host not found: localhost
: Too many open files
[[1;33merror[0m] descriptor table full sock.c:402: Too many open files
[[1;33merror[0m] descriptor table full sock.c:402: Too many open files
[[1;33merror[0m] descriptor table full sock.c:402: Too many open files
[[1;33merror[0m] descriptor table full sock.c:402: Too many open files
[[1;33merror[0m] descriptor table full sock.c:402: Too many open files
[[1;33merror[0m] descriptor table full sock.c:402: Too many open files
[[1;33merror[0m] descriptor table full sock.c:402: Too many open files
[0;34mHTTP/1.1 200     0.33 secs:      54 bytes ==> POST http://localhost:8080/[0m
[0;34mHTTP/1.1 200     0.33 secs:      54 bytes ==> POST http://localhost:8080/[0m
[0;34mHTTP/1.1 200     0.33 secs:      54 bytes ==> POST http://localhost:8080/[0m
[0;34mHTTP/1.1 200     0.33 secs:      54 bytes ==> POST http://localhost:8080/[0m
[0;34mHTTP/1.1 200     0.94 secs:      54 bytes ==> POST http://localhost:8080/[0m
[0;34mHTTP/1.1 200     0.29 secs:      54 bytes ==> POST http://localhost:8080/[0m
[0;34mHTTP/1.1 200     0.29 secs:      54 bytes ==> POST http://localhost:8080/[0m
[0;34mHTTP/1.1 200     0.29 secs:      54 bytes ==> POST http://localhost:8080/[0m
[0;34mHTTP/1.1 200     0.29 secs:      54 bytes ==> POST http://localhost:8080/[0m
[0;34mHTTP/1.1 200     1.04 secs:      54 bytes ==> POST http://localhost:8080/[0m
[[1;33merror[0m] socket: unable to connect sock.c:282: Connection reset by peer
[0;34mHTTP/1.1 200     0.29 secs:      54 bytes ==> POST http://localhost:8080/[0m
[0;34mHTTP/1.1 200     0.29 secs:      54 bytes ==> POST http://localhost:8080/[0m
[0;34mHTTP/1.1 200     0.29 secs:      54 bytes ==> POST http://localhost:8080/[0m
[0;34mHTTP/1.1 200     0.29 secs:      54 bytes ==> POST http://localhost:8080/[0m
[0;34mHTTP/1.1 200     1.14 secs:      54 bytes ==> POST http://localhost:8080/[0m
[[1;33merror[0m] socket: unable to connect sock.c:282: Connection reset by peer
[[1;33merror[0m] socket: unable to connect sock.c:282: Connection reset by peer
[[1;33merror[0m] socket: unable to connect sock.c:282: Connection reset by peer
[[1;33merror[0m] socket: unable to connect sock.c:282: Connection reset by peer
[[1;33merror[0m] descriptor table full sock.c:402: Too many open files
[[1;33merror[0m] descriptor table full sock.c:402: Too many open files
[[1;33merror[0m] descriptor table full sock.c:402: Too many open files
[[1;33merror[0m] descriptor table full sock.c:402: Too many open files
[[1;33merror[0m] descriptor table full sock.c:402: Too many open files
[[1;33merror[0m] descriptor table full sock.c:402: Too many open files
[0;34mHTTP/1.1 200     0.31 secs:      54 bytes ==> POST http://localhost:8080/[0m
[0;34mHTTP/1.1 200     0.31 secs:      54 bytes ==> POST http://localhost:8080/[0m
[0;34mHTTP/1.1 200     0.31 secs:      54 bytes ==> POST http://localhost:8080/[0m
[0;34mHTTP/1.1 200     0.31 secs:      54 bytes ==> POST http://localhost:8080/[0m
[0;34mHTTP/1.1 200     1.25 secs:      54 bytes ==> POST http://localhost:8080/[0m
[[1;33merror[0m] socket: unable to connect sock.c:282: Connection reset by peer
[0;34mHTTP/1.1 200     0.31 secs:      54 bytes ==> POST http://localhost:8080/[0m
[0;34mHTTP/1.1 200     0.31 secs:      54 bytes ==> POST http://localhost:8080/[0m
[0;34mHTTP/1.1 200     0.31 secs:      54 bytes ==> POST http://localhost:8080/[0m
[0;34mHTTP/1.1 200     0.31 secs:      54 bytes ==> POST http://localhost:8080/[0m
[0;34mHTTP/1.1 200     1.35 secs:      54 bytes ==> POST http://localhost:8080/[0m
[0;34mHTTP/1.1 200     0.30 secs:      54 bytes ==> POST http://localhost:8080/[0m
[0;34mHTTP/1.1 200     0.30 secs:      54 bytes ==> POST http://localhost:8080/[0m
[0;34mHTTP/1.1 200     0.30 secs:      54 bytes ==> POST http://localhost:8080/[0m
[0;34mHTTP/1.1 200     0.30 secs:      54 bytes ==> POST http://localhost:8080/[0m
[0;34mHTTP/1.1 200     1.44 secs:      54 bytes ==> POST http://localhost:8080/[0m
[0;34mHTTP/1.1 200     0.29 secs:      54 bytes ==> POST http://localhost:8080/[0m
[0;34mHTTP/1.1 200     0.29 secs:      54 bytes ==> POST http://localhost:8080/[0m
[0;34mHTTP/1.1 200     0.29 secs:      54 bytes ==> POST http://localhost:8080/[0m
[0;34mHTTP/1.1 200     0.29 secs:      54 bytes ==> POST http://localhost:8080/[0m
[0;34mHTTP/1.1 200     1.54 secs:      54 bytes ==> POST http://localhost:8080/[0m
[0;34mHTTP/1.1 200     0.29 secs:      54 bytes ==> POST http://localhost:8080/[0m
[0;34mHTTP/1.1 200     0.29 secs:      54 bytes ==> POST http://localhost:8080/[0m
[0;34mHTTP/1.1 200     0.29 secs:      54 bytes ==> POST http://localhost:8080/[0m
[0;34mHTTP/1.1 200     0.29 secs:      54 bytes ==> POST http://localhost:8080/[0m
[0;34mHTTP/1.1 200     1.64 secs:      54 bytes ==> POST http://localhost:8080/[0m
[0;34mHTTP/1.1 200     0.30 secs:      54 bytes ==> POST http://localhost:8080/[0m
[0;34mHTTP/1.1 200     0.30 secs:      54 bytes ==> POST http://localhost:8080/[0m
[0;34mHTTP/1.1 200     0.30 secs:      54 bytes ==> POST http://localhost:8080/[0m
[0;34mHTTP/1.1 200     0.30 secs:      54 bytes ==> POST http://localhost:8080/[0m
[0;34mHTTP/1.1 200     1.74 secs:      54 bytes ==> POST http://localhost:8080/[0m
[0;34mHTTP/1.1 200     0.30 secs:      54 bytes ==> POST http://localhost:8080/[0m
[0;34mHTTP/1.1 200     0.30 secs:      54 bytes ==> POST http://localhost:8080/[0m
[0;34mHTTP/1.1 200     0.30 secs:      54 bytes ==> POST http://localhost:8080/[0m
[0;34mHTTP/1.1 200     0.30 secs:      54 bytes ==> POST http://localhost:8080/[0m
[0;34mHTTP/1.1 200     1.84 secs:      54 bytes ==> POST http://localhost:8080/[0m
[0;34mHTTP/1.1 200     0.30 secs:      54 bytes ==> POST http://localhost:8080/[0m
[0;34mHTTP/1.1 200     0.30 secs:      54 bytes ==> POST http://localhost:8080/[0m
[0;34mHTTP/1.1 200     0.30 secs:      54 bytes ==> POST http://localhost:8080/[0m
[0;34mHTTP/1.1 200     0.30 secs:      54 bytes ==> POST http://localhost:8080/[0m
[0;34mHTTP/1.1 200     1.94 secs:      54 bytes ==> POST http://localhost:8080/[0m
[0;34mHTTP/1.1 200     0.29 secs:      54 bytes ==> POST http://localhost:8080/[0m
[0;34mHTTP/1.1 200     0.29 secs:      54 bytes ==> POST http://localhost:8080/[0m
[0;34mHTTP/1.1 200     0.29 secs:      54 bytes ==> POST http://localhost:8080/[0m
[0;34mHTTP/1.1 200     0.29 secs:      54 bytes ==> POST http://localhost:8080/[0m
[0;34mHTTP/1.1 200     2.04 secs:      54 bytes ==> POST http://localhost:8080/[0m
[0;34mHTTP/1.1 200     0.29 secs:      54 bytes ==> POST http://localhost:8080/[0m
[0;34mHTTP/1.1 200     0.29 secs:      54 bytes ==> POST http://localhost:8080/[0m
[0;34mHTTP/1.1 200     0.29 secs:      54 bytes ==> POST http://localhost:8080/[0m
[0;34mHTTP/1.1 200     0.29 secs:      54 bytes ==> POST http://localhost:8080/[0m
[0;34mHTTP/1.1 200     2.13 secs:      54 bytes ==> POST http://localhost:8080/[0m
[0;34mHTTP/1.1 200     0.29 secs:      54 bytes ==> POST http://localhost:8080/[0m
[0;34mHTTP/1.1 200     0.29 secs:      54 bytes ==> POST http://localhost:8080/[0m
[0;34mHTTP/1.1 200     0.29 secs:      54 bytes ==> POST http://localhost:8080/[0m
[0;34mHTTP/1.1 200     0.29 secs:      54 bytes ==> POST http://localhost:8080/[0m
[0;34mHTTP/1.1 200     2.23 secs:      54 bytes ==> POST http://localhost:8080/[0m
[0;34mHTTP/1.1 200     0.31 secs:      54 bytes ==> POST http://localhost:8080/[0m
[0;34mHTTP/1.1 200     0.31 secs:      54 bytes ==> POST http://localhost:8080/[0m
[0;34mHTTP/1.1 200     0.31 secs:      54 bytes ==> POST http://localhost:8080/[0m
[0;34mHTTP/1.1 200     0.30 secs:      54 bytes ==> POST http://localhost:8080/[0m
[0;34mHTTP/1.1 200     2.34 secs:      54 bytes ==> POST http://localhost:8080/[0m
[0;34mHTTP/1.1 200     0.31 secs:      54 bytes ==> POST http://localhost:8080/[0m
[0;34mHTTP/1.1 200     0.31 secs:      54 bytes ==> POST http://localhost:8080/[0m
[0;34mHTTP/1.1 200     0.31 secs:      54 bytes ==> POST http://localhost:8080/[0m
[0;34mHTTP/1.1 200     0.31 secs:      54 bytes ==> POST http://localhost:8080/[0m
[0;34mHTTP/1.1 200     2.44 secs:      54 bytes ==> POST http://localhost:8080/[0m
[[1;33merror[0m] socket: unable to connect sock.c:282: Connection reset by peer
[[1;33merror[0m] socket: unable to connect sock.c:282: Connection reset by peer
[[1;33merror[0m] socket: unable to connect sock.c:282: Connection reset by peer
[[1;33merror[0m] socket: unable to connect sock.c:282: Connection reset by peer
[[1;33merror[0m] socket: unable to connect sock.c:282: Connection reset by peer
[[1;33merror[0m] socket: unable to connect sock.c:282: Connection reset by peer
[[1;33merror[0m] socket: unable to connect sock.c:282: Connection reset by peer
[[1;33merror[0m] socket: unable to connect sock.c:282: Connection reset by peer
[[1;33merror[0m] socket: unable to connect sock.c:282: Connection reset by peer
[[1;33merror[0m] socket: unable to connect sock.c:282: Connection reset by peer
[[1;33merror[0m] socket: unable to connect sock.c:282: Connection reset by peer
[[1;33merror[0m] socket: unable to connect sock.c:282: Connection reset by peer
[[1;33merror[0m] socket: unable to connect sock.c:282: Connection reset by peer
[[1;33merror[0m] socket: unable to connect sock.c:282: Connection reset by peer
[[1;33merror[0m] descriptor table full sock.c:402: Too many open files
[[1;33merror[0m] descriptor table full sock.c:402: Too many open files
[[1;33merror[0m] descriptor table full sock.c:402: Too many open files
[[1;33merror[0m] descriptor table full sock.c:402: Too many open files
[[1;33merror[0m] descriptor table full sock.c:402: Too many open files
[[1;33merror[0m] descriptor table full sock.c:402: Too many open files
[0;34mHTTP/1.1 200     0.31 secs:      54 bytes ==> POST http://localhost:8080/[0m
[0;34mHTTP/1.1 200     0.31 secs:      54 bytes ==> POST http://localhost:8080/[0m
[0;34mHTTP/1.1 200     0.31 secs:      54 bytes ==> POST http://localhost:8080/[0m
[0;34mHTTP/1.1 200     0.31 secs:      54 bytes ==> POST http://localhost:8080/[0m
[0;34mHTTP/1.1 200     2.54 secs:      54 bytes ==> POST http://localhost:8080/[0m
[0;34mHTTP/1.1 200     0.30 secs:      54 bytes ==> POST http://localhost:8080/[0m
[0;34mHTTP/1.1 200     0.30 secs:      54 bytes ==> POST http://localhost:8080/[0m
[0;34mHTTP/1.1 200     0.30 secs:      54 bytes ==> POST http://localhost:8080/[0m
[0;34mHTTP/1.1 200     0.30 secs:      54 bytes ==> POST http://localhost:8080/[0m
[0;34mHTTP/1.1 200     2.64 secs:      54 bytes ==> POST http://localhost:8080/[0m
[[1;33merror[0m] socket: unable to connect sock.c:282: Connection reset by peer
[0;34mHTTP/1.1 200     0.30 secs:      54 bytes ==> POST http://localhost:8080/[0m
[0;34mHTTP/1.1 200     0.30 secs:      54 bytes ==> POST http://localhost:8080/[0m
[0;34mHTTP/1.1 200     0.30 secs:      54 bytes ==> POST http://localhost:8080/[0m
[0;34mHTTP/1.1 200     0.30 secs:      54 bytes ==> POST http://localhost:8080/[0m
[0;34mHTTP/1.1 200     2.74 secs:      54 bytes ==> POST http://localhost:8080/[0m
[[1;33merror[0m] socket: unable to connect sock.c:282: Connection reset by peer
[0;34mHTTP/1.1 200     0.30 secs:      54 bytes ==> POST http://localhost:8080/[0m
[0;34mHTTP/1.1 200     0.30 secs:      54 bytes ==> POST http://localhost:8080/[0m
[0;34mHTTP/1.1 200     0.30 secs:      54 bytes ==> POST http://localhost:8080/[0m
[0;34mHTTP/1.1 200     0.30 secs:      54 bytes ==> POST http://localhost:8080/[0m
[0;34mHTTP/1.1 200     2.84 secs:      54 bytes ==> POST http://localhost:8080/[0m
[[1;33merror[0m] socket: unable to connect sock.c:282: Connection reset by peer
[0;34mHTTP/1.1 200     0.29 secs:      54 bytes ==> POST http://localhost:8080/[0m
[0;34mHTTP/1.1 200     0.29 secs:      54 bytes ==> POST http://localhost:8080/[0m
[0;34mHTTP/1.1 200     0.29 secs:      54 bytes ==> POST http://localhost:8080/[0m
[0;34mHTTP/1.1 200     0.29 secs:      54 bytes ==> POST http://localhost:8080/[0m
[0;34mHTTP/1.1 200     2.93 secs:      54 bytes ==> POST http://localhost:8080/[0m
[[1;33merror[0m] socket: unable to connect sock.c:282: Connection reset by peer
[0;34mHTTP/1.1 200     0.29 secs:      54 bytes ==> POST http://localhost:8080/[0m
[0;34mHTTP/1.1 200     0.29 secs:      54 bytes ==> POST http://localhost:8080/[0m
[0;34mHTTP/1.1 200     0.29 secs:      54 bytes ==> POST http://localhost:8080/[0m
[0;34mHTTP/1.1 200     0.29 secs:      54 bytes ==> POST http://localhost:8080/[0m
[0;34mHTTP/1.1 200     3.03 secs:      54 bytes ==> POST http://localhost:8080/[0m
[[1;33merror[0m] socket: unable to connect sock.c:282: Connection reset by peer
[[1;33merror[0m] socket: unable to connect sock.c:282: Connection reset by peer
[0;34mHTTP/1.1 200     0.29 secs:      54 bytes ==> POST http://localhost:8080/[0m
[0;34mHTTP/1.1 200     0.29 secs:      54 bytes ==> POST http://localhost:8080/[0m
[0;34mHTTP/1.1 200     0.29 secs:      54 bytes ==> POST http://localhost:8080/[0m
[0;34mHTTP/1.1 200     0.29 secs:      54 bytes ==> POST http://localhost:8080/[0m
[0;34mHTTP/1.1 200     3.13 secs:      54 bytes ==> POST http://localhost:8080/[0m
[0;34mHTTP/1.1 200     0.30 secs:      54 bytes ==> POST http://localhost:8080/[0m
[0;34mHTTP/1.1 200     0.30 secs:      54 bytes ==> POST http://localhost:8080/[0m
[0;34mHTTP/1.1 200     0.30 secs:      54 bytes ==> POST http://localhost:8080/[0m
[0;34mHTTP/1.1 200     0.30 secs:      54 bytes ==> POST http://localhost:8080/[0m
[0;34mHTTP/1.1 200     3.23 secs:      54 bytes ==> POST http://localhost:8080/[0m
[0;34mHTTP/1.1 200     0.34 secs:      54 bytes ==> POST http://localhost:8080/[0m
[0;34mHTTP/1.1 200     0.34 secs:      54 bytes ==> POST http://localhost:8080/[0m
[0;34mHTTP/1.1 200     0.35 secs:      54 bytes ==> POST http://localhost:8080/[0m
[0;34mHTTP/1.1 200     0.35 secs:      54 bytes ==> POST http://localhost:8080/[0m
[0;34mHTTP/1.1 200     3.38 secs:      54 bytes ==> POST http://localhost:8080/[0m
[0;34mHTTP/1.1 200     0.34 secs:      54 bytes ==> POST http://localhost:8080/[0m
[0;34mHTTP/1.1 200     0.34 secs:      54 bytes ==> POST http://localhost:8080/[0m
[0;34mHTTP/1.1 200     0.34 secs:      54 bytes ==> POST http://localhost:8080/[0m
[0;34mHTTP/1.1 200     0.34 secs:      54 bytes ==> POST http://localhost:8080/[0m
[0;34mHTTP/1.1 200     3.47 secs:      54 bytes ==> POST http://localhost:8080/[0m
[0;34mHTTP/1.1 200     0.34 secs:      54 bytes ==> POST http://localhost:8080/[0m
[0;34mHTTP/1.1 200     0.34 secs:      54 bytes ==> POST http://localhost:8080/[0m
[0;34mHTTP/1.1 200     0.34 secs:      54 bytes ==> POST http://localhost:8080/[0m
[0;34mHTTP/1.1 200     0.34 secs:      54 bytes ==> POST http://localhost:8080/[0m
[0;34mHTTP/1.1 200     3.57 secs:      54 bytes ==> POST http://localhost:8080/[0m
[0;34mHTTP/1.1 200     0.29 secs:      54 bytes ==> POST http://localhost:8080/[0m
[0;34mHTTP/1.1 200     0.29 secs:      54 bytes ==> POST http://localhost:8080/[0m
[0;34mHTTP/1.1 200     0.29 secs:      54 bytes ==> POST http://localhost:8080/[0m
[0;34mHTTP/1.1 200     0.29 secs:      54 bytes ==> POST http://localhost:8080/[0m
[0;34mHTTP/1.1 200     3.67 secs:      54 bytes ==> POST http://localhost:8080/[0m
[0;34mHTTP/1.1 200     0.30 secs:      54 bytes ==> POST http://localhost:8080/[0m
[0;34mHTTP/1.1 200     0.30 secs:      54 bytes ==> POST http://localhost:8080/[0m
[0;34mHTTP/1.1 200     0.30 secs:      54 bytes ==> POST http://localhost:8080/[0m
[0;34mHTTP/1.1 200     3.77 secs:      54 bytes ==> POST http://localhost:8080/[0m
[0;34mHTTP/1.1 200     0.30 secs:      54 bytes ==> POST http://localhost:8080/[0m
[0;34mHTTP/1.1 200     0.30 secs:      54 bytes ==> POST http://localhost:8080/[0m
[0;34mHTTP/1.1 200     0.30 secs:      54 bytes ==> POST http://localhost:8080/[0m
[0;34mHTTP/1.1 200     0.30 secs:      54 bytes ==> POST http://localhost:8080/[0m
[0;34mHTTP/1.1 200     0.30 secs:      54 bytes ==> POST http://localhost:8080/[0m
[0;34mHTTP/1.1 200     3.87 secs:      54 bytes ==> POST http://localhost:8080/[0m
[0;34mHTTP/1.1 200     0.30 secs:      54 bytes ==> POST http://localhost:8080/[0m
[0;34mHTTP/1.1 200     0.30 secs:      54 bytes ==> POST http://localhost:8080/[0m
[0;34mHTTP/1.1 200     0.30 secs:      54 bytes ==> POST http://localhost:8080/[0m
[0;34mHTTP/1.1 200     0.30 secs:      54 bytes ==> POST http://localhost:8080/[0m
[0;34mHTTP/1.1 200     3.97 secs:      54 bytes ==> POST http://localhost:8080/[0m
[0;34mHTTP/1.1 200     0.29 secs:      54 bytes ==> POST http://localhost:8080/[0m
[0;34mHTTP/1.1 200     0.29 secs:      54 bytes ==> POST http://localhost:8080/[0m
[0;34mHTTP/1.1 200     0.29 secs:      54 bytes ==> POST http://localhost:8080/[0m
[0;34mHTTP/1.1 200     0.29 secs:      54 bytes ==> POST http://localhost:8080/[0m
[0;34mHTTP/1.1 200     4.06 secs:      54 bytes ==> POST http://localhost:8080/[0m
[0;34mHTTP/1.1 200     0.29 secs:      54 bytes ==> POST http://localhost:8080/[0m
[0;34mHTTP/1.1 200     0.29 secs:      54 bytes ==> POST http://localhost:8080/[0m
[0;34mHTTP/1.1 200     0.29 secs:      54 bytes ==> POST http://localhost:8080/[0m
[0;34mHTTP/1.1 200     0.29 secs:      54 bytes ==> POST http://localhost:8080/[0m
[0;34mHTTP/1.1 200     4.16 secs:      54 bytes ==> POST http://localhost:8080/[0m
[0;34mHTTP/1.1 200     0.29 secs:      54 bytes ==> POST http://localhost:8080/[0m
[0;34mHTTP/1.1 200     0.29 secs:      54 bytes ==> POST http://localhost:8080/[0m
[0;34mHTTP/1.1 200     0.29 secs:      54 bytes ==> POST http://localhost:8080/[0m
[0;34mHTTP/1.1 200     0.29 secs:      54 bytes ==> POST http://localhost:8080/[0m
[0;34mHTTP/1.1 200     4.26 secs:      54 bytes ==> POST http://localhost:8080/[0m
[0;34mHTTP/1.1 200     0.29 secs:      54 bytes ==> POST http://localhost:8080/[0m
[0;34mHTTP/1.1 200     0.29 secs:      54 bytes ==> POST http://localhost:8080/[0m
[0;34mHTTP/1.1 200     0.29 secs:      54 bytes ==> POST http://localhost:8080/[0m
[0;34mHTTP/1.1 200     0.29 secs:      54 bytes ==> POST http://localhost:8080/[0m
[0;34mHTTP/1.1 200     4.35 secs:      54 bytes ==> POST http://localhost:8080/[0m
[[1;33merror[0m] socket: unable to connect sock.c:282: Connection reset by peer
[[1;33merror[0m] socket: unable to connect sock.c:282: Connection reset by peer
[[1;33merror[0m] socket: unable to connect sock.c:282: Connection reset by peer
[[1;33merror[0m] socket: unable to connect sock.c:282: Connection reset by peer
[[1;33merror[0m] socket: unable to connect sock.c:282: Connection reset by peer
[[1;33merror[0m] socket: unable to connect sock.c:282: Connection reset by peer
[[1;33merror[0m] socket: unable to connect sock.c:282: Connection reset by peer
[[1;33merror[0m] socket: unable to connect sock.c:282: Connection reset by peer
[[1;33merror[0m] socket: unable to connect sock.c:282: Connection reset by peer
[0;34mHTTP/1.1 200     0.29 secs:      54 bytes ==> POST http://localhost:8080/[0m
[0;34mHTTP/1.1 200     0.29 secs:      54 bytes ==> POST http://localhost:8080/[0m
[0;34mHTTP/1.1 200     0.29 secs:      54 bytes ==> POST http://localhost:8080/[0m
[0;34mHTTP/1.1 200     0.29 secs:      54 bytes ==> POST http://localhost:8080/[0m
[0;34mHTTP/1.1 200     4.45 secs:      54 bytes ==> POST http://localhost:8080/[0m
[[1;33merror[0m] socket: unable to connect sock.c:282: Connection reset by peer
[[1;33merror[0m] socket: unable to connect sock.c:282: Connection reset by peer
[[1;33merror[0m] socket: unable to connect sock.c:282: Connection reset by peer
[[1;33merror[0m] socket: unable to connect sock.c:282: Connection reset by peer
[0;34mHTTP/1.1 200     0.29 secs:      54 bytes ==> POST http://localhost:8080/[0m
[0;34mHTTP/1.1 200     0.29 secs:      54 bytes ==> POST http://localhost:8080/[0m
[0;34mHTTP/1.1 200     0.29 secs:      54 bytes ==> POST http://localhost:8080/[0m
[0;34mHTTP/1.1 200     0.29 secs:      54 bytes ==> POST http://localhost:8080/[0m
[0;34mHTTP/1.1 200     4.55 secs:      54 bytes ==> POST http://localhost:8080/[0m
[[1;33merror[0m] socket: unable to connect sock.c:282: Connection reset by peer
[[1;33merror[0m] unable to write to socket sock.c:733: Broken pipe
[0;34mHTTP/1.1 200     0.30 secs:      54 bytes ==> POST http://localhost:8080/[0m
[0;34mHTTP/1.1 200     0.30 secs:      54 bytes ==> POST http://localhost:8080/[0m
[0;34mHTTP/1.1 200     0.30 secs:      54 bytes ==> POST http://localhost:8080/[0m
[0;34mHTTP/1.1 200     0.30 secs:      54 bytes ==> POST http://localhost:8080/[0m
[0;34mHTTP/1.1 200     4.65 secs:      54 bytes ==> POST http://localhost:8080/[0m
[0;34mHTTP/1.1 200     0.30 secs:      54 bytes ==> POST http://localhost:8080/[0m
[0;34mHTTP/1.1 200     0.30 secs:      54 bytes ==> POST http://localhost:8080/[0m
[0;34mHTTP/1.1 200     0.30 secs:      54 bytes ==> POST http://localhost:8080/[0m
[0;34mHTTP/1.1 200     0.30 secs:      54 bytes ==> POST http://localhost:8080/[0m
[0;34mHTTP/1.1 200     4.75 secs:      54 bytes ==> POST http://localhost:8080/[0m
[[1;33merror[0m] socket: unable to connect sock.c:282: Connection reset by peer
[[1;33merror[0m] socket: unable to connect sock.c:282: Connection reset by peer
[[1;33merror[0m] socket: unable to connect sock.c:282: Connection reset by peer
[[1;33merror[0m] socket: unable to connect sock.c:282: Connection reset by peer
[[1;33merror[0m] unable to write to socket sock.c:733: Broken pipe
[0;34mHTTP/1.1 200     0.29 secs:      54 bytes ==> POST http://localhost:8080/[0m
[0;34mHTTP/1.1 200     0.29 secs:      54 bytes ==> POST http://localhost:8080/[0m
[0;34mHTTP/1.1 200     0.29 secs:      54 bytes ==> POST http://localhost:8080/[0m
[0;34mHTTP/1.1 200     0.29 secs:      54 bytes ==> POST http://localhost:8080/[0m
[0;34mHTTP/1.1 200     4.84 secs:      54 bytes ==> POST http://localhost:8080/[0m
[[1;33merror[0m] socket: unable to connect sock.c:282: Connection reset by peer
[0;34mHTTP/1.1 200     0.29 secs:      54 bytes ==> POST http://localhost:8080/[0m
[0;34mHTTP/1.1 200     0.29 secs:      54 bytes ==> POST http://localhost:8080/[0m
[0;34mHTTP/1.1 200     0.29 secs:      54 bytes ==> POST http://localhost:8080/[0m
[0;34mHTTP/1.1 200     0.29 secs:      54 bytes ==> POST http://localhost:8080/[0m
[0;34mHTTP/1.1 200     4.94 secs:      54 bytes ==> POST http://localhost:8080/[0m
[[1;33merror[0m] socket: unable to connect sock.c:282: Connection reset by peer
[0;34mHTTP/1.1 200     0.29 secs:      54 bytes ==> POST http://localhost:8080/[0m
[0;34mHTTP/1.1 200     0.29 secs:      54 bytes ==> POST http://localhost:8080/[0m
[0;34mHTTP/1.1 200     0.29 secs:      54 bytes ==> POST http://localhost:8080/[0m
[0;34mHTTP/1.1 200     0.29 secs:      54 bytes ==> POST http://localhost:8080/[0m
[0;34mHTTP/1.1 200     5.04 secs:      54 bytes ==> POST http://localhost:8080/[0m
[0;34mHTTP/1.1 200     0.30 secs:      54 bytes ==> POST http://localhost:8080/[0m
[0;34mHTTP/1.1 200     0.30 secs:      54 bytes ==> POST http://localhost:8080/[0m
[0;34mHTTP/1.1 200     0.30 secs:      54 bytes ==> POST http://localhost:8080/[0m
[0;34mHTTP/1.1 200     0.30 secs:      54 bytes ==> POST http://localhost:8080/[0m
[0;34mHTTP/1.1 200     5.14 secs:      54 bytes ==> POST http://localhost:8080/[0m
[0;34mHTTP/1.1 200     0.29 secs:      54 bytes ==> POST http://localhost:8080/[0m
[0;34mHTTP/1.1 200     0.29 secs:      54 bytes ==> POST http://localhost:8080/[0m
[0;34mHTTP/1.1 200     0.29 secs:      54 bytes ==> POST http://localhost:8080/[0m
[0;34mHTTP/1.1 200     0.29 secs:      54 bytes ==> POST http://localhost:8080/[0m
[0;34mHTTP/1.1 200     5.23 secs:      54 bytes ==> POST http://localhost:8080/[0m
[0;34mHTTP/1.1 200     0.29 secs:      54 bytes ==> POST http://localhost:8080/[0m
[0;34mHTTP/1.1 200     0.29 secs:      54 bytes ==> POST http://localhost:8080/[0m
[0;34mHTTP/1.1 200     0.29 secs:      54 bytes ==> POST http://localhost:8080/[0m
[0;34mHTTP/1.1 200     0.29 secs:      54 bytes ==> POST http://localhost:8080/[0m
[0;34mHTTP/1.1 200     5.33 secs:      54 bytes ==> POST http://localhost:8080/[0m
[0;34mHTTP/1.1 200     0.29 secs:      54 bytes ==> POST http://localhost:8080/[0m
[0;34mHTTP/1.1 200     0.29 secs:      54 bytes ==> POST http://localhost:8080/[0m
[0;34mHTTP/1.1 200     0.29 secs:      54 bytes ==> POST http://localhost:8080/[0m
[0;34mHTTP/1.1 200     0.29 secs:      54 bytes ==> POST http://localhost:8080/[0m
[0;34mHTTP/1.1 200     5.43 secs:      54 bytes ==> POST http://localhost:8080/[0m
[0;34mHTTP/1.1 200     0.28 secs:      54 bytes ==> POST http://localhost:8080/[0m
[0;34mHTTP/1.1 200     0.30 secs:      54 bytes ==> POST http://localhost:8080/[0m
[0;34mHTTP/1.1 200     0.30 secs:      54 bytes ==> POST http://localhost:8080/[0m
[0;34mHTTP/1.1 200     0.30 secs:      54 bytes ==> POST http://localhost:8080/[0m
[0;34mHTTP/1.1 200     5.53 secs:      54 bytes ==> POST http://localhost:8080/[0m
[0;34mHTTP/1.1 200     0.28 secs:      54 bytes ==> POST http://localhost:8080/[0m
[0;34mHTTP/1.1 200     0.28 secs:      54 bytes ==> POST http://localhost:8080/[0m
[0;34mHTTP/1.1 200     0.28 secs:      54 bytes ==> POST http://localhost:8080/[0m
[0;34mHTTP/1.1 200     0.28 secs:      54 bytes ==> POST http://localhost:8080/[0m
[0;34mHTTP/1.1 200     5.62 secs:      54 bytes ==> POST http://localhost:8080/[0m
[0;34mHTTP/1.1 200     0.27 secs:      54 bytes ==> POST http://localhost:8080/[0m
[0;34mHTTP/1.1 200     0.27 secs:      54 bytes ==> POST http://localhost:8080/[0m
[0;34mHTTP/1.1 200     0.27 secs:      54 bytes ==> POST http://localhost:8080/[0m
[0;34mHTTP/1.1 200     0.27 secs:      54 bytes ==> POST http://localhost:8080/[0m
[0;34mHTTP/1.1 200     5.78 secs:      54 bytes ==> POST http://localhost:8080/[0m
[0;34mHTTP/1.1 200     0.27 secs:      54 bytes ==> POST http://localhost:8080/[0m
[0;34mHTTP/1.1 200     0.27 secs:      54 bytes ==> POST http://localhost:8080/[0m
[0;34mHTTP/1.1 200     0.27 secs:      54 bytes ==> POST http://localhost:8080/[0m
[0;34mHTTP/1.1 200     0.27 secs:      54 bytes ==> POST http://localhost:8080/[0m
[0;34mHTTP/1.1 200     0.27 secs:      54 bytes ==> POST http://localhost:8080/[0m
[0;34mHTTP/1.1 200     0.27 secs:      54 bytes ==> POST http://localhost:8080/[0m
[0;34mHTTP/1.1 200     0.27 secs:      54 bytes ==> POST http://localhost:8080/[0m
[0;34mHTTP/1.1 200     5.88 secs:      54 bytes ==> POST http://localhost:8080/[0m
[0;34mHTTP/1.1 200     0.28 secs:      54 bytes ==> POST http://localhost:8080/[0m
[0;34mHTTP/1.1 200     0.28 secs:      54 bytes ==> POST http://localhost:8080/[0m
[0;34mHTTP/1.1 200     0.28 secs:      54 bytes ==> POST http://localhost:8080/[0m
[0;34mHTTP/1.1 200     0.28 secs:      54 bytes ==> POST http://localhost:8080/[0m
[0;34mHTTP/1.1 200     5.98 secs:      54 bytes ==> POST http://localhost:8080/[0m
[0;34mHTTP/1.1 200     0.26 secs:      54 bytes ==> POST http://localhost:8080/[0m
[0;34mHTTP/1.1 200     0.28 secs:      54 bytes ==> POST http://localhost:8080/[0m
[0;34mHTTP/1.1 200     0.28 secs:      54 bytes ==> POST http://localhost:8080/[0m
[0;34mHTTP/1.1 200     0.28 secs:      54 bytes ==> POST http://localhost:8080/[0m
[0;34mHTTP/1.1 200     6.08 secs:      54 bytes ==> POST http://localhost:8080/[0m
[0;34mHTTP/1.1 200     0.26 secs:      54 bytes ==> POST http://localhost:8080/[0m
[0;34mHTTP/1.1 200     0.26 secs:      54 bytes ==> POST http://localhost:8080/[0m
[0;34mHTTP/1.1 200     0.26 secs:      54 bytes ==> POST http://localhost:8080/[0m
[0;34mHTTP/1.1 200     0.28 secs:      54 bytes ==> POST http://localhost:8080/[0m
[0;34mHTTP/1.1 200     6.18 secs:      54 bytes ==> POST http://localhost:8080/[0m
[0;34mHTTP/1.1 200     0.25 secs:      54 bytes ==> POST http://localhost:8080/[0m
[0;34mHTTP/1.1 200     0.25 secs:      54 bytes ==> POST http://localhost:8080/[0m
[0;34mHTTP/1.1 200     0.25 secs:      54 bytes ==> POST http://localhost:8080/[0m
[0;34mHTTP/1.1 200     0.26 secs:      54 bytes ==> POST http://localhost:8080/[0m
[0;34mHTTP/1.1 200     6.30 secs:      54 bytes ==> POST http://localhost:8080/[0m
[0;34mHTTP/1.1 200     0.25 secs:      54 bytes ==> POST http://localhost:8080/[0m
[0;34mHTTP/1.1 200     0.25 secs:      54 bytes ==> POST http://localhost:8080/[0m
[0;34mHTTP/1.1 200     0.25 secs:      54 bytes ==> POST http://localhost:8080/[0m
[0;34mHTTP/1.1 200     0.25 secs:      54 bytes ==> POST http://localhost:8080/[0m
[0;34mHTTP/1.1 200     0.25 secs:      54 bytes ==> POST http://localhost:8080/[0m
[0;34mHTTP/1.1 200     6.39 secs:      54 bytes ==> POST http://localhost:8080/[0m
[0;34mHTTP/1.1 200     0.25 secs:      54 bytes ==> POST http://localhost:8080/[0m
[0;34mHTTP/1.1 200     0.25 secs:      54 bytes ==> POST http://localhost:8080/[0m
[0;34mHTTP/1.1 200     0.29 secs:      54 bytes ==> POST http://localhost:8080/[0m
[0;34mHTTP/1.1 200     0.29 secs:      54 bytes ==> POST http://localhost:8080/[0m
[0;34mHTTP/1.1 200     6.52 secs:      54 bytes ==> POST http://localhost:8080/[0m
[0;34mHTTP/1.1 200     0.26 secs:      54 bytes ==> POST http://localhost:8080/[0m
[0;34mHTTP/1.1 200     0.26 secs:      54 bytes ==> POST http://localhost:8080/[0m
[0;34mHTTP/1.1 200     0.29 secs:      54 bytes ==> POST http://localhost:8080/[0m
[0;34mHTTP/1.1 200     0.29 secs:      54 bytes ==> POST http://localhost:8080/[0m
[0;34mHTTP/1.1 200     6.62 secs:      54 bytes ==> POST http://localhost:8080/[0m
[0;34mHTTP/1.1 200     0.27 secs:      54 bytes ==> POST http://localhost:8080/[0m
[0;34mHTTP/1.1 200     0.27 secs:      54 bytes ==> POST http://localhost:8080/[0m
[0;34mHTTP/1.1 200     0.28 secs:      54 bytes ==> POST http://localhost:8080/[0m
[0;34mHTTP/1.1 200     0.28 secs:      54 bytes ==> POST http://localhost:8080/[0m
[0;34mHTTP/1.1 200     6.72 secs:      54 bytes ==> POST http://localhost:8080/[0m
[0;34mHTTP/1.1 200     0.23 secs:      54 bytes ==> POST http://localhost:8080/[0m
[0;34mHTTP/1.1 200     0.23 secs:      54 bytes ==> POST http://localhost:8080/[0m
[0;34mHTTP/1.1 200     0.25 secs:      54 bytes ==> POST http://localhost:8080/[0m
[0;34mHTTP/1.1 200     0.25 secs:      54 bytes ==> POST http://localhost:8080/[0m
[0;34mHTTP/1.1 200     6.81 secs:      54 bytes ==> POST http://localhost:8080/[0m
[0;34mHTTP/1.1 200     0.23 secs:      54 bytes ==> POST http://localhost:8080/[0m
[0;34mHTTP/1.1 200     0.23 secs:      54 bytes ==> POST http://localhost:8080/[0m
[0;34mHTTP/1.1 200     0.26 secs:      54 bytes ==> POST http://localhost:8080/[0m
[0;34mHTTP/1.1 200     0.26 secs:      54 bytes ==> POST http://localhost:8080/[0m
[0;34mHTTP/1.1 200     6.92 secs:      54 bytes ==> POST http://localhost:8080/[0m
[0;34mHTTP/1.1 200     0.25 secs:      54 bytes ==> POST http://localhost:8080/[0m
[0;34mHTTP/1.1 200     0.24 secs:      54 bytes ==> POST http://localhost:8080/[0m
[0;34mHTTP/1.1 200     0.26 secs:      54 bytes ==> POST http://localhost:8080/[0m
[0;34mHTTP/1.1 200     0.26 secs:      54 bytes ==> POST http://localhost:8080/[0m
[0;34mHTTP/1.1 200     7.01 secs:      54 bytes ==> POST http://localhost:8080/[0m
[0;34mHTTP/1.1 200     0.25 secs:      54 bytes ==> POST http://localhost:8080/[0m
[0;34mHTTP/1.1 200     0.25 secs:      54 bytes ==> POST http://localhost:8080/[0m
[0;34mHTTP/1.1 200     0.26 secs:      54 bytes ==> POST http://localhost:8080/[0m
[0;34mHTTP/1.1 200     0.26 secs:      54 bytes ==> POST http://localhost:8080/[0m
[0;34mHTTP/1.1 200     7.11 secs:      54 bytes ==> POST http://localhost:8080/[0m
[0;34mHTTP/1.1 200     0.23 secs:      54 bytes ==> POST http://localhost:8080/[0m
[0;34mHTTP/1.1 200     0.23 secs:      54 bytes ==> POST http://localhost:8080/[0m
[0;34mHTTP/1.1 200     0.25 secs:      54 bytes ==> POST http://localhost:8080/[0m
[0;34mHTTP/1.1 200     0.25 secs:      54 bytes ==> POST http://localhost:8080/[0m
[0;34mHTTP/1.1 200     7.21 secs:      54 bytes ==> POST http://localhost:8080/[0m
[0;34mHTTP/1.1 200     0.24 secs:      54 bytes ==> POST http://localhost:8080/[0m
[0;34mHTTP/1.1 200     0.24 secs:      54 bytes ==> POST http://localhost:8080/[0m
[0;34mHTTP/1.1 200     0.25 secs:      54 bytes ==> POST http://localhost:8080/[0m
[0;34mHTTP/1.1 200     0.25 secs:      54 bytes ==> POST http://localhost:8080/[0m
[0;34mHTTP/1.1 200     7.31 secs:      54 bytes ==> POST http://localhost:8080/[0m
[0;34mHTTP/1.1 200     0.24 secs:      54 bytes ==> POST http://localhost:8080/[0m
[0;34mHTTP/1.1 200     0.24 secs:      54 bytes ==> POST http://localhost:8080/[0m
[0;34mHTTP/1.1 200     0.26 secs:      54 bytes ==> POST http://localhost:8080/[0m
[0;34mHTTP/1.1 200     0.26 secs:      54 bytes ==> POST http://localhost:8080/[0m
[0;34mHTTP/1.1 200     7.41 secs:      54 bytes ==> POST http://localhost:8080/[0m
[0;34mHTTP/1.1 200     0.24 secs:      54 bytes ==> POST http://localhost:8080/[0m
[0;34mHTTP/1.1 200     0.24 secs:      54 bytes ==> POST http://localhost:8080/[0m
[0;34mHTTP/1.1 200     0.26 secs:      54 bytes ==> POST http://localhost:8080/[0m
[0;34mHTTP/1.1 200     0.26 secs:      54 bytes ==> POST http://localhost:8080/[0m
[0;34mHTTP/1.1 200     7.51 secs:      54 bytes ==> POST http://localhost:8080/[0m
[0;34mHTTP/1.1 200     0.23 secs:      54 bytes ==> POST http://localhost:8080/[0m
[0;34mHTTP/1.1 200     0.23 secs:      54 bytes ==> POST http://localhost:8080/[0m
[0;34mHTTP/1.1 200     0.25 secs:      54 bytes ==> POST http://localhost:8080/[0m
[0;34mHTTP/1.1 200     0.25 secs:      54 bytes ==> POST http://localhost:8080/[0m
[0;34mHTTP/1.1 200     7.60 secs:      54 bytes ==> POST http://localhost:8080/[0m
[0;34mHTTP/1.1 200     0.23 secs:      54 bytes ==> POST http://localhost:8080/[0m
[0;34mHTTP/1.1 200     0.23 secs:      54 bytes ==> POST http://localhost:8080/[0m
[0;34mHTTP/1.1 200     0.25 secs:      54 bytes ==> POST http://localhost:8080/[0m
[0;34mHTTP/1.1 200     0.25 secs:      54 bytes ==> POST http://localhost:8080/[0m
[0;34mHTTP/1.1 200     7.70 secs:      54 bytes ==> POST http://localhost:8080/[0m
[0;34mHTTP/1.1 200     0.23 secs:      54 bytes ==> POST http://localhost:8080/[0m
[0;34mHTTP/1.1 200     0.23 secs:      54 bytes ==> POST http://localhost:8080/[0m
[0;34mHTTP/1.1 200     0.26 secs:      54 bytes ==> POST http://localhost:8080/[0m
[0;34mHTTP/1.1 200     0.26 secs:      54 bytes ==> POST http://localhost:8080/[0m
[0;34mHTTP/1.1 200     7.80 secs:      54 bytes ==> POST http://localhost:8080/[0m
[0;34mHTTP/1.1 200     0.24 secs:      54 bytes ==> POST http://localhost:8080/[0m
[0;34mHTTP/1.1 200     0.24 secs:      54 bytes ==> POST http://localhost:8080/[0m
[0;34mHTTP/1.1 200     0.26 secs:      54 bytes ==> POST http://localhost:8080/[0m
[0;34mHTTP/1.1 200     0.26 secs:      54 bytes ==> POST http://localhost:8080/[0m
[0;34mHTTP/1.1 200     7.90 secs:      54 bytes ==> POST http://localhost:8080/[0m
[0;34mHTTP/1.1 200     0.24 secs:      54 bytes ==> POST http://localhost:8080/[0m
[0;34mHTTP/1.1 200     0.24 secs:      54 bytes ==> POST http://localhost:8080/[0m
[0;34mHTTP/1.1 200     0.25 secs:      54 bytes ==> POST http://localhost:8080/[0m
[0;34mHTTP/1.1 200     0.25 secs:      54 bytes ==> POST http://localhost:8080/[0m
[0;34mHTTP/1.1 200     7.99 secs:      54 bytes ==> POST http://localhost:8080/[0m
[0;34mHTTP/1.1 200     0.24 secs:      54 bytes ==> POST http://localhost:8080/[0m
[0;34mHTTP/1.1 200     0.24 secs:      54 bytes ==> POST http://localhost:8080/[0m
[0;34mHTTP/1.1 200     0.26 secs:      54 bytes ==> POST http://localhost:8080/[0m
[0;34mHTTP/1.1 200     0.26 secs:      54 bytes ==> POST http://localhost:8080/[0m
[0;34mHTTP/1.1 200     8.10 secs:      54 bytes ==> POST http://localhost:8080/[0m
[0;34mHTTP/1.1 200     0.24 secs:      54 bytes ==> POST http://localhost:8080/[0m
[0;34mHTTP/1.1 200     0.24 secs:      54 bytes ==> POST http://localhost:8080/[0m
[0;34mHTTP/1.1 200     0.25 secs:      54 bytes ==> POST http://localhost:8080/[0m
[0;34mHTTP/1.1 200     0.25 secs:      54 bytes ==> POST http://localhost:8080/[0m
[0;34mHTTP/1.1 200     8.19 secs:      54 bytes ==> POST http://localhost:8080/[0m
[0;34mHTTP/1.1 200     0.24 secs:      54 bytes ==> POST http://localhost:8080/[0m
[0;34mHTTP/1.1 200     0.24 secs:      54 bytes ==> POST http://localhost:8080/[0m
[0;34mHTTP/1.1 200     0.25 secs:      54 bytes ==> POST http://localhost:8080/[0m
[0;34mHTTP/1.1 200     0.25 secs:      54 bytes ==> POST http://localhost:8080/[0m
[0;34mHTTP/1.1 200     8.29 secs:      54 bytes ==> POST http://localhost:8080/[0m
[0;34mHTTP/1.1 200     0.23 secs:      54 bytes ==> POST http://localhost:8080/[0m
[0;34mHTTP/1.1 200     0.23 secs:      54 bytes ==> POST http://localhost:8080/[0m
[0;34mHTTP/1.1 200     0.25 secs:      54 bytes ==> POST http://localhost:8080/[0m
[0;34mHTTP/1.1 200     0.25 secs:      54 bytes ==> POST http://localhost:8080/[0m
[0;34mHTTP/1.1 200     8.39 secs:      54 bytes ==> POST http://localhost:8080/[0m
[0;34mHTTP/1.1 200     0.24 secs:      54 bytes ==> POST http://localhost:8080/[0m
[0;34mHTTP/1.1 200     0.24 secs:      54 bytes ==> POST http://localhost:8080/[0m
[0;34mHTTP/1.1 200     0.26 secs:      54 bytes ==> POST http://localhost:8080/[0m
[0;34mHTTP/1.1 200     0.26 secs:      54 bytes ==> POST http://localhost:8080/[0m
[0;34mHTTP/1.1 200     8.49 secs:      54 bytes ==> POST http://localhost:8080/[0m
[0;34mHTTP/1.1 200     0.24 secs:      54 bytes ==> POST http://localhost:8080/[0m
[0;34mHTTP/1.1 200     0.24 secs:      54 bytes ==> POST http://localhost:8080/[0m
[0;34mHTTP/1.1 200     0.26 secs:      54 bytes ==> POST http://localhost:8080/[0m
[0;34mHTTP/1.1 200     0.26 secs:      54 bytes ==> POST http://localhost:8080/[0m
[0;34mHTTP/1.1 200     8.59 secs:      54 bytes ==> POST http://localhost:8080/[0m
[0;34mHTTP/1.1 200     0.24 secs:      54 bytes ==> POST http://localhost:8080/[0m
[0;34mHTTP/1.1 200     0.24 secs:      54 bytes ==> POST http://localhost:8080/[0m
[0;34mHTTP/1.1 200     0.26 secs:      54 bytes ==> POST http://localhost:8080/[0m
[0;34mHTTP/1.1 200     0.26 secs:      54 bytes ==> POST http://localhost:8080/[0m
[0;34mHTTP/1.1 200     8.69 secs:      54 bytes ==> POST http://localhost:8080/[0m
[0;34mHTTP/1.1 200     0.24 secs:      54 bytes ==> POST http://localhost:8080/[0m
[0;34mHTTP/1.1 200     0.24 secs:      54 bytes ==> POST http://localhost:8080/[0m
[0;34mHTTP/1.1 200     0.26 secs:      54 bytes ==> POST http://localhost:8080/[0m
[0;34mHTTP/1.1 200     0.26 secs:      54 bytes ==> POST http://localhost:8080/[0m
[0;34mHTTP/1.1 200     8.79 secs:      54 bytes ==> POST http://localhost:8080/[0m
[0;34mHTTP/1.1 200     0.24 secs:      54 bytes ==> POST http://localhost:8080/[0m
[0;34mHTTP/1.1 200     0.24 secs:      54 bytes ==> POST http://localhost:8080/[0m
[0;34mHTTP/1.1 200     0.25 secs:      54 bytes ==> POST http://localhost:8080/[0m
[0;34mHTTP/1.1 200     0.25 secs:      54 bytes ==> POST http://localhost:8080/[0m
[0;34mHTTP/1.1 200     8.88 secs:      54 bytes ==> POST http://localhost:8080/[0m
[0;34mHTTP/1.1 200     0.23 secs:      54 bytes ==> POST http://localhost:8080/[0m
[0;34mHTTP/1.1 200     0.23 secs:      54 bytes ==> POST http://localhost:8080/[0m
[0;34mHTTP/1.1 200     0.25 secs:      54 bytes ==> POST http://localhost:8080/[0m
[0;34mHTTP/1.1 200     0.25 secs:      54 bytes ==> POST http://localhost:8080/[0m
[0;34mHTTP/1.1 200     8.98 secs:      54 bytes ==> POST http://localhost:8080/[0m
[0;34mHTTP/1.1 200     0.23 secs:      54 bytes ==> POST http://localhost:8080/[0m
[0;34mHTTP/1.1 200     0.23 secs:      54 bytes ==> POST http://localhost:8080/[0m
[0;34mHTTP/1.1 200     0.25 secs:      54 bytes ==> POST http://localhost:8080/[0m
[0;34mHTTP/1.1 200     0.25 secs:      54 bytes ==> POST http://localhost:8080/[0m
[0;34mHTTP/1.1 200     9.08 secs:      54 bytes ==> POST http://localhost:8080/[0m
[0;34mHTTP/1.1 200     0.24 secs:      54 bytes ==> POST http://localhost:8080/[0m
[0;34mHTTP/1.1 200     0.24 secs:      54 bytes ==> POST http://localhost:8080/[0m
[0;34mHTTP/1.1 200     0.26 secs:      54 bytes ==> POST http://localhost:8080/[0m
[0;34mHTTP/1.1 200     0.26 secs:      54 bytes ==> POST http://localhost:8080/[0m
[0;34mHTTP/1.1 200     9.18 secs:      54 bytes ==> POST http://localhost:8080/[0m
[0;34mHTTP/1.1 200     0.24 secs:      54 bytes ==> POST http://localhost:8080/[0m
[0;34mHTTP/1.1 200     0.24 secs:      54 bytes ==> POST http://localhost:8080/[0m
[0;34mHTTP/1.1 200     0.25 secs:      54 bytes ==> POST http://localhost:8080/[0m
[0;34mHTTP/1.1 200     0.25 secs:      54 bytes ==> POST http://localhost:8080/[0m
[0;34mHTTP/1.1 200     9.27 secs:      54 bytes ==> POST http://localhost:8080/[0m
[0;34mHTTP/1.1 200     0.23 secs:      54 bytes ==> POST http://localhost:8080/[0m
[0;34mHTTP/1.1 200     0.23 secs:      54 bytes ==> POST http://localhost:8080/[0m
[0;34mHTTP/1.1 200     0.25 secs:      54 bytes ==> POST http://localhost:8080/[0m
[0;34mHTTP/1.1 200     0.25 secs:      54 bytes ==> POST http://localhost:8080/[0m
[0;34mHTTP/1.1 200     9.37 secs:      54 bytes ==> POST http://localhost:8080/[0m
[0;34mHTTP/1.1 200     0.23 secs:      54 bytes ==> POST http://localhost:8080/[0m
[0;34mHTTP/1.1 200     0.23 secs:      54 bytes ==> POST http://localhost:8080/[0m
[0;34mHTTP/1.1 200     0.25 secs:      54 bytes ==> POST http://localhost:8080/[0m
[0;34mHTTP/1.1 200     0.25 secs:      54 bytes ==> POST http://localhost:8080/[0m
[0;34mHTTP/1.1 200     9.47 secs:      54 bytes ==> POST http://localhost:8080/[0m
[0;34mHTTP/1.1 200     0.24 secs:      54 bytes ==> POST http://localhost:8080/[0m
[0;34mHTTP/1.1 200     0.24 secs:      54 bytes ==> POST http://localhost:8080/[0m
[0;34mHTTP/1.1 200     0.26 secs:      54 bytes ==> POST http://localhost:8080/[0m
[0;34mHTTP/1.1 200     0.26 secs:      54 bytes ==> POST http://localhost:8080/[0m
[0;34mHTTP/1.1 200     9.57 secs:      54 bytes ==> POST http://localhost:8080/[0m
[0;34mHTTP/1.1 200     0.23 secs:      54 bytes ==> POST http://localhost:8080/[0m
[0;34mHTTP/1.1 200     0.23 secs:      54 bytes ==> POST http://localhost:8080/[0m
[0;34mHTTP/1.1 200     0.25 secs:      54 bytes ==> POST http://localhost:8080/[0m
[0;34mHTTP/1.1 200     0.25 secs:      54 bytes ==> POST http://localhost:8080/[0m
[0;34mHTTP/1.1 200     9.66 secs:      54 bytes ==> POST http://localhost:8080/[0m
[0;34mHTTP/1.1 200     0.23 secs:      54 bytes ==> POST http://localhost:8080/[0m
[0;34mHTTP/1.1 200     0.23 secs:      54 bytes ==> POST http://localhost:8080/[0m
[0;34mHTTP/1.1 200     0.25 secs:      54 bytes ==> POST http://localhost:8080/[0m
[0;34mHTTP/1.1 200     0.25 secs:      54 bytes ==> POST http://localhost:8080/[0m
[0;34mHTTP/1.1 200     9.76 secs:      54 bytes ==> POST http://localhost:8080/[0m
[0;34mHTTP/1.1 200     0.23 secs:      54 bytes ==> POST http://localhost:8080/[0m
[0;34mHTTP/1.1 200     0.23 secs:      54 bytes ==> POST http://localhost:8080/[0m
[0;34mHTTP/1.1 200     0.26 secs:      54 bytes ==> POST http://localhost:8080/[0m
[0;34mHTTP/1.1 200     0.26 secs:      54 bytes ==> POST http://localhost:8080/[0m
[0;34mHTTP/1.1 200     9.86 secs:      54 bytes ==> POST http://localhost:8080/[0m
[0;34mHTTP/1.1 200     0.24 secs:      54 bytes ==> POST http://localhost:8080/[0m
[0;34mHTTP/1.1 200     0.24 secs:      54 bytes ==> POST http://localhost:8080/[0m
[0;34mHTTP/1.1 200     0.26 secs:      54 bytes ==> POST http://localhost:8080/[0m
[0;34mHTTP/1.1 200     0.26 secs:      54 bytes ==> POST http://localhost:8080/[0m
[0;34mHTTP/1.1 200     9.96 secs:      54 bytes ==> POST http://localhost:8080/[0m
[0;34mHTTP/1.1 200     0.24 secs:      54 bytes ==> POST http://localhost:8080/[0m
[0;34mHTTP/1.1 200     0.24 secs:      54 bytes ==> POST http://localhost:8080/[0m
[0;34mHTTP/1.1 200     0.25 secs:      54 bytes ==> POST http://localhost:8080/[0m
[0;34mHTTP/1.1 200     0.25 secs:      54 bytes ==> POST http://localhost:8080/[0m
[0;34mHTTP/1.1 200    10.05 secs:      54 bytes ==> POST http://localhost:8080/[0m
[0;34mHTTP/1.1 200     0.23 secs:      54 bytes ==> POST http://localhost:8080/[0m
[0;34mHTTP/1.1 200     0.23 secs:      54 bytes ==> POST http://localhost:8080/[0m
[0;34mHTTP/1.1 200     0.25 secs:      54 bytes ==> POST http://localhost:8080/[0m
[0;34mHTTP/1.1 200     0.25 secs:      54 bytes ==> POST http://localhost:8080/[0m
[0;34mHTTP/1.1 200    10.15 secs:      54 bytes ==> POST http://localhost:8080/[0m
[0;34mHTTP/1.1 200     0.23 secs:      54 bytes ==> POST http://localhost:8080/[0m
[0;34mHTTP/1.1 200     0.23 secs:      54 bytes ==> POST http://localhost:8080/[0m
[0;34mHTTP/1.1 200     0.25 secs:      54 bytes ==> POST http://localhost:8080/[0m
[0;34mHTTP/1.1 200     0.25 secs:      54 bytes ==> POST http://localhost:8080/[0m
[0;34mHTTP/1.1 200    10.25 secs:      54 bytes ==> POST http://localhost:8080/[0m
[0;34mHTTP/1.1 200     0.24 secs:      54 bytes ==> POST http://localhost:8080/[0m
[0;34mHTTP/1.1 200     0.24 secs:      54 bytes ==> POST http://localhost:8080/[0m
[0;34mHTTP/1.1 200     0.26 secs:      54 bytes ==> POST http://localhost:8080/[0m
[0;34mHTTP/1.1 200     0.26 secs:      54 bytes ==> POST http://localhost:8080/[0m
[0;34mHTTP/1.1 200    10.35 secs:      54 bytes ==> POST http://localhost:8080/[0m
[0;34mHTTP/1.1 200     0.24 secs:      54 bytes ==> POST http://localhost:8080/[0m
[0;34mHTTP/1.1 200     0.24 secs:      54 bytes ==> POST http://localhost:8080/[0m
[0;34mHTTP/1.1 200     0.26 secs:      54 bytes ==> POST http://localhost:8080/[0m
[0;34mHTTP/1.1 200     0.26 secs:      54 bytes ==> POST http://localhost:8080/[0m
[0;34mHTTP/1.1 200    10.45 secs:      54 bytes ==> POST http://localhost:8080/[0m
[0;34mHTTP/1.1 200     0.24 secs:      54 bytes ==> POST http://localhost:8080/[0m
[0;34mHTTP/1.1 200     0.24 secs:      54 bytes ==> POST http://localhost:8080/[0m
[0;34mHTTP/1.1 200     0.25 secs:      54 bytes ==> POST http://localhost:8080/[0m
[0;34mHTTP/1.1 200     0.25 secs:      54 bytes ==> POST http://localhost:8080/[0m
[0;34mHTTP/1.1 200    10.54 secs:      54 bytes ==> POST http://localhost:8080/[0m
[0;34mHTTP/1.1 200     0.23 secs:      54 bytes ==> POST http://localhost:8080/[0m
[0;34mHTTP/1.1 200     0.23 secs:      54 bytes ==> POST http://localhost:8080/[0m
[0;34mHTTP/1.1 200     0.25 secs:      54 bytes ==> POST http://localhost:8080/[0m
[0;34mHTTP/1.1 200     0.25 secs:      54 bytes ==> POST http://localhost:8080/[0m
[0;34mHTTP/1.1 200    10.64 secs:      54 bytes ==> POST http://localhost:8080/[0m
[0;34mHTTP/1.1 200     0.23 secs:      54 bytes ==> POST http://localhost:8080/[0m
[0;34mHTTP/1.1 200     0.23 secs:      54 bytes ==> POST http://localhost:8080/[0m
[0;34mHTTP/1.1 200     0.25 secs:      54 bytes ==> POST http://localhost:8080/[0m
[0;34mHTTP/1.1 200     0.25 secs:      54 bytes ==> POST http://localhost:8080/[0m
[0;34mHTTP/1.1 200    10.74 secs:      54 bytes ==> POST http://localhost:8080/[0m
[0;34mHTTP/1.1 200     0.24 secs:      54 bytes ==> POST http://localhost:8080/[0m
[0;34mHTTP/1.1 200     0.24 secs:      54 bytes ==> POST http://localhost:8080/[0m
[0;34mHTTP/1.1 200     0.26 secs:      54 bytes ==> POST http://localhost:8080/[0m
[0;34mHTTP/1.1 200     0.26 secs:      54 bytes ==> POST http://localhost:8080/[0m
[0;34mHTTP/1.1 200    10.84 secs:      54 bytes ==> POST http://localhost:8080/[0m
[0;34mHTTP/1.1 200     0.24 secs:      54 bytes ==> POST http://localhost:8080/[0m
[0;34mHTTP/1.1 200     0.24 secs:      54 bytes ==> POST http://localhost:8080/[0m
[0;34mHTTP/1.1 200     0.26 secs:      54 bytes ==> POST http://localhost:8080/[0m
[0;34mHTTP/1.1 200     0.26 secs:      54 bytes ==> POST http://localhost:8080/[0m
[0;34mHTTP/1.1 200    10.94 secs:      54 bytes ==> POST http://localhost:8080/[0m
[0;34mHTTP/1.1 200     0.24 secs:      54 bytes ==> POST http://localhost:8080/[0m
[0;34mHTTP/1.1 200     0.24 secs:      54 bytes ==> POST http://localhost:8080/[0m
[0;34mHTTP/1.1 200     0.26 secs:      54 bytes ==> POST http://localhost:8080/[0m
[0;34mHTTP/1.1 200     0.26 secs:      54 bytes ==> POST http://localhost:8080/[0m
[0;34mHTTP/1.1 200    11.04 secs:      54 bytes ==> POST http://localhost:8080/[0m
[0;34mHTTP/1.1 200     0.24 secs:      54 bytes ==> POST http://localhost:8080/[0m
[0;34mHTTP/1.1 200     0.24 secs:      54 bytes ==> POST http://localhost:8080/[0m
[0;34mHTTP/1.1 200     0.25 secs:      54 bytes ==> POST http://localhost:8080/[0m
[0;34mHTTP/1.1 200     0.25 secs:      54 bytes ==> POST http://localhost:8080/[0m
[0;34mHTTP/1.1 200    11.13 secs:      54 bytes ==> POST http://localhost:8080/[0m
[0;34mHTTP/1.1 200     0.23 secs:      54 bytes ==> POST http://localhost:8080/[0m
[0;34mHTTP/1.1 200     0.23 secs:      54 bytes ==> POST http://localhost:8080/[0m
[0;34mHTTP/1.1 200     0.25 secs:      54 bytes ==> POST http://localhost:8080/[0m
[0;34mHTTP/1.1 200     0.25 secs:      54 bytes ==> POST http://localhost:8080/[0m
[0;34mHTTP/1.1 200    11.23 secs:      54 bytes ==> POST http://localhost:8080/[0m
[0;34mHTTP/1.1 200     0.23 secs:      54 bytes ==> POST http://localhost:8080/[0m
[0;34mHTTP/1.1 200     0.23 secs:      54 bytes ==> POST http://localhost:8080/[0m
[0;34mHTTP/1.1 200     0.25 secs:      54 bytes ==> POST http://localhost:8080/[0m
[0;34mHTTP/1.1 200     0.25 secs:      54 bytes ==> POST http://localhost:8080/[0m
[0;34mHTTP/1.1 200    11.33 secs:      54 bytes ==> POST http://localhost:8080/[0m
[0;34mHTTP/1.1 200     0.24 secs:      54 bytes ==> POST http://localhost:8080/[0m
[0;34mHTTP/1.1 200     0.24 secs:      54 bytes ==> POST http://localhost:8080/[0m
[0;34mHTTP/1.1 200     0.26 secs:      54 bytes ==> POST http://localhost:8080/[0m
[0;34mHTTP/1.1 200     0.26 secs:      54 bytes ==> POST http://localhost:8080/[0m
[0;34mHTTP/1.1 200    11.43 secs:      54 bytes ==> POST http://localhost:8080/[0m
[0;34mHTTP/1.1 200     0.24 secs:      54 bytes ==> POST http://localhost:8080/[0m
[0;34mHTTP/1.1 200     0.24 secs:      54 bytes ==> POST http://localhost:8080/[0m
[0;34mHTTP/1.1 200     0.26 secs:      54 bytes ==> POST http://localhost:8080/[0m
[0;34mHTTP/1.1 200     0.26 secs:      54 bytes ==> POST http://localhost:8080/[0m
[0;34mHTTP/1.1 200    11.53 secs:      54 bytes ==> POST http://localhost:8080/[0m
[0;34mHTTP/1.1 200     0.24 secs:      54 bytes ==> POST http://localhost:8080/[0m
[0;34mHTTP/1.1 200     0.24 secs:      54 bytes ==> POST http://localhost:8080/[0m
[0;34mHTTP/1.1 200     0.26 secs:      54 bytes ==> POST http://localhost:8080/[0m
[0;34mHTTP/1.1 200     0.26 secs:      54 bytes ==> POST http://localhost:8080/[0m
[0;34mHTTP/1.1 200    11.63 secs:      54 bytes ==> POST http://localhost:8080/[0m
[0;34mHTTP/1.1 200     0.24 secs:      54 bytes ==> POST http://localhost:8080/[0m
[0;34mHTTP/1.1 200     0.24 secs:      54 bytes ==> POST http://localhost:8080/[0m
[0;34mHTTP/1.1 200     0.26 secs:      54 bytes ==> POST http://localhost:8080/[0m
[0;34mHTTP/1.1 200     0.26 secs:      54 bytes ==> POST http://localhost:8080/[0m
[0;34mHTTP/1.1 200    11.73 secs:      54 bytes ==> POST http://localhost:8080/[0m
[0;34mHTTP/1.1 200     0.24 secs:      54 bytes ==> POST http://localhost:8080/[0m
[0;34mHTTP/1.1 200     0.24 secs:      54 bytes ==> POST http://localhost:8080/[0m
[0;34mHTTP/1.1 200     0.26 secs:      54 bytes ==> POST http://localhost:8080/[0m
[0;34mHTTP/1.1 200     0.26 secs:      54 bytes ==> POST http://localhost:8080/[0m
[0;34mHTTP/1.1 200    11.83 secs:      54 bytes ==> POST http://localhost:8080/[0m
[0;34mHTTP/1.1 200     0.24 secs:      54 bytes ==> POST http://localhost:8080/[0m
[0;34mHTTP/1.1 200     0.24 secs:      54 bytes ==> POST http://localhost:8080/[0m
[0;34mHTTP/1.1 200     0.26 secs:      54 bytes ==> POST http://localhost:8080/[0m
[0;34mHTTP/1.1 200     0.26 secs:      54 bytes ==> POST http://localhost:8080/[0m
[0;34mHTTP/1.1 200    11.93 secs:      54 bytes ==> POST http://localhost:8080/[0m
[0;34mHTTP/1.1 200     0.24 secs:      54 bytes ==> POST http://localhost:8080/[0m
[0;34mHTTP/1.1 200     0.24 secs:      54 bytes ==> POST http://localhost:8080/[0m
[0;34mHTTP/1.1 200     0.26 secs:      54 bytes ==> POST http://localhost:8080/[0m
[0;34mHTTP/1.1 200     0.26 secs:      54 bytes ==> POST http://localhost:8080/[0m
[0;34mHTTP/1.1 200    12.03 secs:      54 bytes ==> POST http://localhost:8080/[0m
[0;34mHTTP/1.1 200     0.23 secs:      54 bytes ==> POST http://localhost:8080/[0m
[0;34mHTTP/1.1 200     0.23 secs:      54 bytes ==> POST http://localhost:8080/[0m
[0;34mHTTP/1.1 200     0.25 secs:      54 bytes ==> POST http://localhost:8080/[0m
[0;34mHTTP/1.1 200     0.25 secs:      54 bytes ==> POST http://localhost:8080/[0m
[0;34mHTTP/1.1 200    12.12 secs:      54 bytes ==> POST http://localhost:8080/[0m
[0;34mHTTP/1.1 200     0.24 secs:      54 bytes ==> POST http://localhost:8080/[0m
[0;34mHTTP/1.1 200     0.24 secs:      54 bytes ==> POST http://localhost:8080/[0m
[0;34mHTTP/1.1 200     0.26 secs:      54 bytes ==> POST http://localhost:8080/[0m
[0;34mHTTP/1.1 200     0.26 secs:      54 bytes ==> POST http://localhost:8080/[0m
[0;34mHTTP/1.1 200    12.23 secs:      54 bytes ==> POST http://localhost:8080/[0m
[0;34mHTTP/1.1 200     0.24 secs:      54 bytes ==> POST http://localhost:8080/[0m
[0;34mHTTP/1.1 200     0.24 secs:      54 bytes ==> POST http://localhost:8080/[0m
[0;34mHTTP/1.1 200     0.35 secs:      54 bytes ==> POST http://localhost:8080/[0m
[0;34mHTTP/1.1 200     0.35 secs:      54 bytes ==> POST http://localhost:8080/[0m
[0;34mHTTP/1.1 200    12.41 secs:      54 bytes ==> POST http://localhost:8080/[0m
[0;34mHTTP/1.1 200     0.35 secs:      54 bytes ==> POST http://localhost:8080/[0m
[0;34mHTTP/1.1 200     0.35 secs:      54 bytes ==> POST http://localhost:8080/[0m
[0;34mHTTP/1.1 200     0.39 secs:      54 bytes ==> POST http://localhost:8080/[0m
[0;34mHTTP/1.1 200     0.39 secs:      54 bytes ==> POST http://localhost:8080/[0m
[0;34mHTTP/1.1 200    12.56 secs:      54 bytes ==> POST http://localhost:8080/[0m
[0;34mHTTP/1.1 200     0.42 secs:      54 bytes ==> POST http://localhost:8080/[0m
[0;34mHTTP/1.1 200     0.42 secs:      54 bytes ==> POST http://localhost:8080/[0m
[0;34mHTTP/1.1 200     0.44 secs:      54 bytes ==> POST http://localhost:8080/[0m
[0;34mHTTP/1.1 200     0.44 secs:      54 bytes ==> POST http://localhost:8080/[0m
[0;34mHTTP/1.1 200    12.71 secs:      54 bytes ==> POST http://localhost:8080/[0m
[0;34mHTTP/1.1 200     0.34 secs:      54 bytes ==> POST http://localhost:8080/[0m
[0;34mHTTP/1.1 200     0.34 secs:      54 bytes ==> POST http://localhost:8080/[0m
[0;34mHTTP/1.1 200     0.34 secs:      54 bytes ==> POST http://localhost:8080/[0m
[0;34mHTTP/1.1 200     0.34 secs:      54 bytes ==> POST http://localhost:8080/[0m
[0;34mHTTP/1.1 200    12.81 secs:      54 bytes ==> POST http://localhost:8080/[0m
[0;34mHTTP/1.1 200     0.29 secs:      54 bytes ==> POST http://localhost:8080/[0m
[0;34mHTTP/1.1 200     0.29 secs:      54 bytes ==> POST http://localhost:8080/[0m
[0;34mHTTP/1.1 200     0.26 secs:      54 bytes ==> POST http://localhost:8080/[0m
[0;34mHTTP/1.1 200     0.26 secs:      54 bytes ==> POST http://localhost:8080/[0m
[0;34mHTTP/1.1 200    12.91 secs:      54 bytes ==> POST http://localhost:8080/[0m
[0;34mHTTP/1.1 200     0.24 secs:      54 bytes ==> POST http://localhost:8080/[0m
[0;34mHTTP/1.1 200     0.24 secs:      54 bytes ==> POST http://localhost:8080/[0m
[0;34mHTTP/1.1 200     0.26 secs:      54 bytes ==> POST http://localhost:8080/[0m
[0;34mHTTP/1.1 200     0.26 secs:      54 bytes ==> POST http://localhost:8080/[0m
[0;34mHTTP/1.1 200    13.01 secs:      54 bytes ==> POST http://localhost:8080/[0m
[0;34mHTTP/1.1 200     0.24 secs:      54 bytes ==> POST http://localhost:8080/[0m
[0;34mHTTP/1.1 200     0.24 secs:      54 bytes ==> POST http://localhost:8080/[0m
[0;34mHTTP/1.1 200     0.26 secs:      54 bytes ==> POST http://localhost:8080/[0m
[0;34mHTTP/1.1 200     0.26 secs:      54 bytes ==> POST http://localhost:8080/[0m
[0;34mHTTP/1.1 200    13.11 secs:      54 bytes ==> POST http://localhost:8080/[0m
[0;34mHTTP/1.1 200     0.24 secs:      54 bytes ==> POST http://localhost:8080/[0m
[0;34mHTTP/1.1 200     0.24 secs:      54 bytes ==> POST http://localhost:8080/[0m
[0;34mHTTP/1.1 200     0.26 secs:      54 bytes ==> POST http://localhost:8080/[0m
[0;34mHTTP/1.1 200     0.26 secs:      54 bytes ==> POST http://localhost:8080/[0m
[0;34mHTTP/1.1 200    13.21 secs:      54 bytes ==> POST http://localhost:8080/[0m
[0;34mHTTP/1.1 200     0.24 secs:      54 bytes ==> POST http://localhost:8080/[0m
[0;34mHTTP/1.1 200     0.24 secs:      54 bytes ==> POST http://localhost:8080/[0m
[0;34mHTTP/1.1 200     0.25 secs:      54 bytes ==> POST http://localhost:8080/[0m
[0;34mHTTP/1.1 200     0.25 secs:      54 bytes ==> POST http://localhost:8080/[0m
[0;34mHTTP/1.1 200    13.30 secs:      54 bytes ==> POST http://localhost:8080/[0m
[0;34mHTTP/1.1 200     0.23 secs:      54 bytes ==> POST http://localhost:8080/[0m
[0;34mHTTP/1.1 200     0.23 secs:      54 bytes ==> POST http://localhost:8080/[0m
[0;34mHTTP/1.1 200     0.25 secs:      54 bytes ==> POST http://localhost:8080/[0m
[0;34mHTTP/1.1 200     0.25 secs:      54 bytes ==> POST http://localhost:8080/[0m
[0;34mHTTP/1.1 200    13.40 secs:      54 bytes ==> POST http://localhost:8080/[0m
[0;34mHTTP/1.1 200     0.23 secs:      54 bytes ==> POST http://localhost:8080/[0m
[0;34mHTTP/1.1 200     0.23 secs:      54 bytes ==> POST http://localhost:8080/[0m
[0;34mHTTP/1.1 200     0.25 secs:      54 bytes ==> POST http://localhost:8080/[0m
[0;34mHTTP/1.1 200     0.25 secs:      54 bytes ==> POST http://localhost:8080/[0m
[0;34mHTTP/1.1 200    13.50 secs:      54 bytes ==> POST http://localhost:8080/[0m
[0;34mHTTP/1.1 200     0.24 secs:      54 bytes ==> POST http://localhost:8080/[0m
[0;34mHTTP/1.1 200     0.24 secs:      54 bytes ==> POST http://localhost:8080/[0m
[0;34mHTTP/1.1 200     0.26 secs:      54 bytes ==> POST http://localhost:8080/[0m
[0;34mHTTP/1.1 200     0.26 secs:      54 bytes ==> POST http://localhost:8080/[0m
[0;34mHTTP/1.1 200    13.60 secs:      54 bytes ==> POST http://localhost:8080/[0m
[0;34mHTTP/1.1 200     0.23 secs:      54 bytes ==> POST http://localhost:8080/[0m
[0;34mHTTP/1.1 200     0.23 secs:      54 bytes ==> POST http://localhost:8080/[0m
[0;34mHTTP/1.1 200     0.25 secs:      54 bytes ==> POST http://localhost:8080/[0m
[0;34mHTTP/1.1 200     0.25 secs:      54 bytes ==> POST http://localhost:8080/[0m
[0;34mHTTP/1.1 200    13.69 secs:      54 bytes ==> POST http://localhost:8080/[0m
[0;34mHTTP/1.1 200     0.23 secs:      54 bytes ==> POST http://localhost:8080/[0m
[0;34mHTTP/1.1 200     0.23 secs:      54 bytes ==> POST http://localhost:8080/[0m
[0;34mHTTP/1.1 200     0.25 secs:      54 bytes ==> POST http://localhost:8080/[0m
[0;34mHTTP/1.1 200     0.25 secs:      54 bytes ==> POST http://localhost:8080/[0m
[0;34mHTTP/1.1 200    13.29 secs:      54 bytes ==> POST http://localhost:8080/[0m
[0;34mHTTP/1.1 200     0.23 secs:      54 bytes ==> POST http://localhost:8080/[0m
[0;34mHTTP/1.1 200     0.23 secs:      54 bytes ==> POST http://localhost:8080/[0m
[0;34mHTTP/1.1 200     0.26 secs:      54 bytes ==> POST http://localhost:8080/[0m
[0;34mHTTP/1.1 200     0.26 secs:      54 bytes ==> POST http://localhost:8080/[0m
[0;34mHTTP/1.1 200    13.89 secs:      54 bytes ==> POST http://localhost:8080/[0m
[0;34mHTTP/1.1 200     0.24 secs:      54 bytes ==> POST http://localhost:8080/[0m
[0;34mHTTP/1.1 200     0.24 secs:      54 bytes ==> POST http://localhost:8080/[0m
[0;34mHTTP/1.1 200     0.26 secs:      54 bytes ==> POST http://localhost:8080/[0m
[0;34mHTTP/1.1 200     0.26 secs:      54 bytes ==> POST http://localhost:8080/[0m
[0;34mHTTP/1.1 200    13.99 secs:      54 bytes ==> POST http://localhost:8080/[0m
[0;34mHTTP/1.1 200     0.24 secs:      54 bytes ==> POST http://localhost:8080/[0m
[0;34mHTTP/1.1 200     0.24 secs:      54 bytes ==> POST http://localhost:8080/[0m
[0;34mHTTP/1.1 200     0.26 secs:      54 bytes ==> POST http://localhost:8080/[0m
[0;34mHTTP/1.1 200     0.26 secs:      54 bytes ==> POST http://localhost:8080/[0m
[0;34mHTTP/1.1 200    14.09 secs:      54 bytes ==> POST http://localhost:8080/[0m
[0;34mHTTP/1.1 200     0.24 secs:      54 bytes ==> POST http://localhost:8080/[0m
[0;34mHTTP/1.1 200     0.24 secs:      54 bytes ==> POST http://localhost:8080/[0m
[0;34mHTTP/1.1 200     0.26 secs:      54 bytes ==> POST http://localhost:8080/[0m
[0;34mHTTP/1.1 200     0.26 secs:      54 bytes ==> POST http://localhost:8080/[0m
[0;34mHTTP/1.1 200    13.81 secs:      54 bytes ==> POST http://localhost:8080/[0m
[0;34mHTTP/1.1 200     0.24 secs:      54 bytes ==> POST http://localhost:8080/[0m
[0;34mHTTP/1.1 200     0.24 secs:      54 bytes ==> POST http://localhost:8080/[0m
[0;34mHTTP/1.1 200     0.26 secs:      54 bytes ==> POST http://localhost:8080/[0m
[0;34mHTTP/1.1 200     0.26 secs:      54 bytes ==> POST http://localhost:8080/[0m
[0;34mHTTP/1.1 200    14.03 secs:      54 bytes ==> POST http://localhost:8080/[0m
[0;34mHTTP/1.1 200     0.24 secs:      54 bytes ==> POST http://localhost:8080/[0m
[0;34mHTTP/1.1 200     0.24 secs:      54 bytes ==> POST http://localhost:8080/[0m
[0;34mHTTP/1.1 200     0.26 secs:      54 bytes ==> POST http://localhost:8080/[0m
[0;34mHTTP/1.1 200     0.26 secs:      54 bytes ==> POST http://localhost:8080/[0m
[0;34mHTTP/1.1 200    14.01 secs:      54 bytes ==> POST http://localhost:8080/[0m
[0;34mHTTP/1.1 200     0.24 secs:      54 bytes ==> POST http://localhost:8080/[0m
[0;34mHTTP/1.1 200     0.24 secs:      54 bytes ==> POST http://localhost:8080/[0m
[0;34mHTTP/1.1 200     0.26 secs:      54 bytes ==> POST http://localhost:8080/[0m
[0;34mHTTP/1.1 200     0.26 secs:      54 bytes ==> POST http://localhost:8080/[0m
[0;34mHTTP/1.1 200    14.49 secs:      54 bytes ==> POST http://localhost:8080/[0m
[0;34mHTTP/1.1 200     0.24 secs:      54 bytes ==> POST http://localhost:8080/[0m
[0;34mHTTP/1.1 200     0.24 secs:      54 bytes ==> POST http://localhost:8080/[0m
[0;34mHTTP/1.1 200     0.25 secs:      54 bytes ==> POST http://localhost:8080/[0m
[0;34mHTTP/1.1 200     0.25 secs:      54 bytes ==> POST http://localhost:8080/[0m
[0;34mHTTP/1.1 200    13.25 secs:      54 bytes ==> POST http://localhost:8080/[0m
[0;34mHTTP/1.1 200     0.23 secs:      54 bytes ==> POST http://localhost:8080/[0m
[0;34mHTTP/1.1 200     0.23 secs:      54 bytes ==> POST http://localhost:8080/[0m
[0;34mHTTP/1.1 200     0.23 secs:      54 bytes ==> POST http://localhost:8080/[0m
[0;34mHTTP/1.1 200     0.23 secs:      54 bytes ==> POST http://localhost:8080/[0m
[0;34mHTTP/1.1 200    13.44 secs:      54 bytes ==> POST http://localhost:8080/[0m
[0;34mHTTP/1.1 200     0.21 secs:      54 bytes ==> POST http://localhost:8080/[0m
[0;34mHTTP/1.1 200     0.21 secs:      54 bytes ==> POST http://localhost:8080/[0m
[0;34mHTTP/1.1 200     0.23 secs:      54 bytes ==> POST http://localhost:8080/[0m
[0;34mHTTP/1.1 200    13.54 secs:      54 bytes ==> POST http://localhost:8080/[0m
[0;34mHTTP/1.1 200     0.22 secs:      54 bytes ==> POST http://localhost:8080/[0m
[0;34mHTTP/1.1 200     0.22 secs:      54 bytes ==> POST http://localhost:8080/[0m
[0;34mHTTP/1.1 200     0.24 secs:      54 bytes ==> POST http://localhost:8080/[0m
[0;34mHTTP/1.1 200     0.24 secs:      54 bytes ==> POST http://localhost:8080/[0m
[0;34mHTTP/1.1 200    13.76 secs:      54 bytes ==> POST http://localhost:8080/[0m
[0;34mHTTP/1.1 200     0.24 secs:      54 bytes ==> POST http://localhost:8080/[0m
[0;34mHTTP/1.1 200     0.24 secs:      54 bytes ==> POST http://localhost:8080/[0m
[0;34mHTTP/1.1 200     0.26 secs:      54 bytes ==> POST http://localhost:8080/[0m
[0;34mHTTP/1.1 200     0.26 secs:      54 bytes ==> POST http://localhost:8080/[0m
[0;34mHTTP/1.1 200    14.10 secs:      54 bytes ==> POST http://localhost:8080/[0m
[0;34mHTTP/1.1 200     0.23 secs:      54 bytes ==> POST http://localhost:8080/[0m
[0;34mHTTP/1.1 200     0.23 secs:      54 bytes ==> POST http://localhost:8080/[0m
[0;34mHTTP/1.1 200     0.24 secs:      54 bytes ==> POST http://localhost:8080/[0m
[0;34mHTTP/1.1 200     0.24 secs:      54 bytes ==> POST http://localhost:8080/[0m
[0;34mHTTP/1.1 200    14.18 secs:      54 bytes ==> POST http://localhost:8080/[0m
[0;34mHTTP/1.1 200     0.22 secs:      54 bytes ==> POST http://localhost:8080/[0m
[0;34mHTTP/1.1 200     0.22 secs:      54 bytes ==> POST http://localhost:8080/[0m
[0;34mHTTP/1.1 200     0.22 secs:      54 bytes ==> POST http://localhost:8080/[0m
[0;34mHTTP/1.1 200    14.26 secs:      54 bytes ==> POST http://localhost:8080/[0m
[0;34mHTTP/1.1 200     0.20 secs:      54 bytes ==> POST http://localhost:8080/[0m
[0;34mHTTP/1.1 200     0.20 secs:      54 bytes ==> POST http://localhost:8080/[0m
[0;34mHTTP/1.1 200     0.20 secs:      54 bytes ==> POST http://localhost:8080/[0m
[0;34mHTTP/1.1 200    15.20 secs:      54 bytes ==> POST http://localhost:8080/[0m
[0;34mHTTP/1.1 200     0.18 secs:      54 bytes ==> POST http://localhost:8080/[0m
[0;34mHTTP/1.1 200     0.18 secs:      54 bytes ==> POST http://localhost:8080/[0m
[0;34mHTTP/1.1 200     0.19 secs:      54 bytes ==> POST http://localhost:8080/[0m
[0;34mHTTP/1.1 200    15.27 secs:      54 bytes ==> POST http://localhost:8080/[0m
[0;34mHTTP/1.1 200     0.17 secs:      54 bytes ==> POST http://localhost:8080/[0m
[0;34mHTTP/1.1 200     0.17 secs:      54 bytes ==> POST http://localhost:8080/[0m
[0;34mHTTP/1.1 200     0.17 secs:      54 bytes ==> POST http://localhost:8080/[0m
[0;34mHTTP/1.1 200    15.33 secs:      54 bytes ==> POST http://localhost:8080/[0m
[0;34mHTTP/1.1 200     0.15 secs:      54 bytes ==> POST http://localhost:8080/[0m
[0;34mHTTP/1.1 200     0.17 secs:      54 bytes ==> POST http://localhost:8080/[0m
[0;34mHTTP/1.1 200    15.13 secs:      54 bytes ==> POST http://localhost:8080/[0m
[0;34mHTTP/1.1 200     0.16 secs:      54 bytes ==> POST http://localhost:8080/[0m
[0;34mHTTP/1.1 200     0.18 secs:      54 bytes ==> POST http://localhost:8080/[0m
[0;34mHTTP/1.1 200    15.21 secs:      54 bytes ==> POST http://localhost:8080/[0m
[0;34mHTTP/1.1 200     0.18 secs:      54 bytes ==> POST http://localhost:8080/[0m
[0;34mHTTP/1.1 200     0.18 secs:      54 bytes ==> POST http://localhost:8080/[0m
[0;34mHTTP/1.1 200     0.20 secs:      54 bytes ==> POST http://localhost:8080/[0m
[0;34mHTTP/1.1 200    13.02 secs:      54 bytes ==> POST http://localhost:8080/[0m
[0;34mHTTP/1.1 200     0.20 secs:      54 bytes ==> POST http://localhost:8080/[0m
[0;34mHTTP/1.1 200     0.20 secs:      54 bytes ==> POST http://localhost:8080/[0m
[0;34mHTTP/1.1 200     0.20 secs:      54 bytes ==> POST http://localhost:8080/[0m
[0;34mHTTP/1.1 200    13.10 secs:      54 bytes ==> POST http://localhost:8080/[0m
[0;34mHTTP/1.1 200     0.20 secs:      54 bytes ==> POST http://localhost:8080/[0m
[0;34mHTTP/1.1 200     0.20 secs:      54 bytes ==> POST http://localhost:8080/[0m
[0;34mHTTP/1.1 200     0.20 secs:      54 bytes ==> POST http://localhost:8080/[0m
[0;34mHTTP/1.1 200    13.18 secs:      54 bytes ==> POST http://localhost:8080/[0m
[0;34mHTTP/1.1 200     0.19 secs:      54 bytes ==> POST http://localhost:8080/[0m
[0;34mHTTP/1.1 200     0.19 secs:      54 bytes ==> POST http://localhost:8080/[0m
[0;34mHTTP/1.1 200     0.19 secs:      54 bytes ==> POST http://localhost:8080/[0m
[0;34mHTTP/1.1 200    13.25 secs:      54 bytes ==> POST http://localhost:8080/[0m
[0;34mHTTP/1.1 200     0.20 secs:      54 bytes ==> POST http://localhost:8080/[0m
[0;34mHTTP/1.1 200     0.20 secs:      54 bytes ==> POST http://localhost:8080/[0m
[0;34mHTTP/1.1 200     0.21 secs:      54 bytes ==> POST http://localhost:8080/[0m
[0;34mHTTP/1.1 200    13.35 secs:      54 bytes ==> POST http://localhost:8080/[0m
[0;34mHTTP/1.1 200     0.21 secs:      54 bytes ==> POST http://localhost:8080/[0m
[0;34mHTTP/1.1 200     0.21 secs:      54 bytes ==> POST http://localhost:8080/[0m
[0;34mHTTP/1.1 200     0.24 secs:      54 bytes ==> POST http://localhost:8080/[0m
[0;34mHTTP/1.1 200     0.24 secs:      54 bytes ==> POST http://localhost:8080/[0m
[0;34mHTTP/1.1 200    13.45 secs:      54 bytes ==> POST http://localhost:8080/[0m
[0;34mHTTP/1.1 200     0.22 secs:      54 bytes ==> POST http://localhost:8080/[0m
[0;34mHTTP/1.1 200     0.22 secs:      54 bytes ==> POST http://localhost:8080/[0m
[0;34mHTTP/1.1 200     0.23 secs:      54 bytes ==> POST http://localhost:8080/[0m
[0;34mHTTP/1.1 200     0.23 secs:      54 bytes ==> POST http://localhost:8080/[0m
[0;34mHTTP/1.1 200    12.95 secs:      54 bytes ==> POST http://localhost:8080/[0m
[0;34mHTTP/1.1 200     0.20 secs:      54 bytes ==> POST http://localhost:8080/[0m
[0;34mHTTP/1.1 200     0.20 secs:      54 bytes ==> POST http://localhost:8080/[0m
[0;34mHTTP/1.1 200     0.20 secs:      54 bytes ==> POST http://localhost:8080/[0m
[0;34mHTTP/1.1 200    13.01 secs:      54 bytes ==> POST http://localhost:8080/[0m
[0;34mHTTP/1.1 200     0.16 secs:      54 bytes ==> POST http://localhost:8080/[0m
[0;34mHTTP/1.1 200     0.18 secs:      54 bytes ==> POST http://localhost:8080/[0m
[0;34mHTTP/1.1 200     0.12 secs:      54 bytes ==> POST http://localhost:8080/[0m
[0;34mHTTP/1.1 200    13.65 secs:      54 bytes ==> POST http://localhost:8080/[0m
[0;34mHTTP/1.1 200     0.12 secs:      54 bytes ==> POST http://localhost:8080/[0m
[0;34mHTTP/1.1 200    13.67 secs:      54 bytes ==> POST http://localhost:8080/[0m
[0;34mHTTP/1.1 200    13.71 secs:      54 bytes ==> POST http://localhost:8080/[0m
[0;34mHTTP/1.1 200     0.10 secs:      54 bytes ==> POST http://localhost:8080/[0m
[0;34mHTTP/1.1 200    16.28 secs:      54 bytes ==> POST http://localhost:8080/[0m
[0;34mHTTP/1.1 200     0.12 secs:      54 bytes ==> POST http://localhost:8080/[0m
[0;34mHTTP/1.1 200    16.06 secs:      54 bytes ==> POST http://localhost:8080/[0m
[0;34mHTTP/1.1 200     0.14 secs:      54 bytes ==> POST http://localhost:8080/[0m
[0;34mHTTP/1.1 200    16.12 secs:      54 bytes ==> POST http://localhost:8080/[0m
[0;34mHTTP/1.1 200     0.16 secs:      54 bytes ==> POST http://localhost:8080/[0m
[0;34mHTTP/1.1 200     0.16 secs:      54 bytes ==> POST http://localhost:8080/[0m
[0;34mHTTP/1.1 200    16.18 secs:      54 bytes ==> POST http://localhost:8080/[0m
[0;34mHTTP/1.1 200     0.17 secs:      54 bytes ==> POST http://localhost:8080/[0m
[0;34mHTTP/1.1 200     0.17 secs:      54 bytes ==> POST http://localhost:8080/[0m
[0;34mHTTP/1.1 200    16.23 secs:      54 bytes ==> POST http://localhost:8080/[0m
[0;34mHTTP/1.1 200     0.17 secs:      54 bytes ==> POST http://localhost:8080/[0m
[0;34mHTTP/1.1 200     0.17 secs:      54 bytes ==> POST http://localhost:8080/[0m
[0;34mHTTP/1.1 200    16.29 secs:      54 bytes ==> POST http://localhost:8080/[0m
[0;34mHTTP/1.1 200     0.17 secs:      54 bytes ==> POST http://localhost:8080/[0m
[0;34mHTTP/1.1 200     0.17 secs:      54 bytes ==> POST http://localhost:8080/[0m
[0;34mHTTP/1.1 200    16.35 secs:      54 bytes ==> POST http://localhost:8080/[0m
[0;34mHTTP/1.1 200     0.18 secs:      54 bytes ==> POST http://localhost:8080/[0m
[0;34mHTTP/1.1 200     0.18 secs:      54 bytes ==> POST http://localhost:8080/[0m
[0;34mHTTP/1.1 200    16.41 secs:      54 bytes ==> POST http://localhost:8080/[0m
[0;34mHTTP/1.1 200     0.20 secs:      54 bytes ==> POST http://localhost:8080/[0m
[0;34mHTTP/1.1 200     0.20 secs:      54 bytes ==> POST http://localhost:8080/[0m
[0;34mHTTP/1.1 200    12.34 secs:      54 bytes ==> POST http://localhost:8080/[0m
[0;34mHTTP/1.1 200     0.22 secs:      54 bytes ==> POST http://localhost:8080/[0m
[0;34mHTTP/1.1 200     0.22 secs:      54 bytes ==> POST http://localhost:8080/[0m
[0;34mHTTP/1.1 200     0.22 secs:      54 bytes ==> POST http://localhost:8080/[0m
[0;34mHTTP/1.1 200    12.42 secs:      54 bytes ==> POST http://localhost:8080/[0m
[0;34mHTTP/1.1 200     0.22 secs:      54 bytes ==> POST http://localhost:8080/[0m
[0;34mHTTP/1.1 200     0.22 secs:      54 bytes ==> POST http://localhost:8080/[0m
[0;34mHTTP/1.1 200     0.22 secs:      54 bytes ==> POST http://localhost:8080/[0m
[0;34mHTTP/1.1 200    12.48 secs:      54 bytes ==> POST http://localhost:8080/[0m
[0;34mHTTP/1.1 200     0.23 secs:      54 bytes ==> POST http://localhost:8080/[0m
[0;34mHTTP/1.1 200     0.23 secs:      54 bytes ==> POST http://localhost:8080/[0m
[0;34mHTTP/1.1 200    12.57 secs:      54 bytes ==> POST http://localhost:8080/[0m
[0;34mHTTP/1.1 200     0.23 secs:      54 bytes ==> POST http://localhost:8080/[0m
[0;34mHTTP/1.1 200     0.23 secs:      54 bytes ==> POST http://localhost:8080/[0m
[0;34mHTTP/1.1 200     0.23 secs:      54 bytes ==> POST http://localhost:8080/[0m
[0;34mHTTP/1.1 200     0.23 secs:      54 bytes ==> POST http://localhost:8080/[0m
[0;34mHTTP/1.1 200    12.30 secs:      54 bytes ==> POST http://localhost:8080/[0m
[0;34mHTTP/1.1 200     0.25 secs:      54 bytes ==> POST http://localhost:8080/[0m
[0;34mHTTP/1.1 200     0.25 secs:      54 bytes ==> POST http://localhost:8080/[0m
[0;34mHTTP/1.1 200     0.25 secs:      54 bytes ==> POST http://localhost:8080/[0m
[0;34mHTTP/1.1 200    12.38 secs:      54 bytes ==> POST http://localhost:8080/[0m
[0;34mHTTP/1.1 200     0.22 secs:      54 bytes ==> POST http://localhost:8080/[0m
[0;34mHTTP/1.1 200     0.22 secs:      54 bytes ==> POST http://localhost:8080/[0m
[0;34mHTTP/1.1 200     0.22 secs:      54 bytes ==> POST http://localhost:8080/[0m
[0;34mHTTP/1.1 200    16.94 secs:      54 bytes ==> POST http://localhost:8080/[0m
[0;34mHTTP/1.1 200     0.20 secs:      54 bytes ==> POST http://localhost:8080/[0m
[0;34mHTTP/1.1 200     0.20 secs:      54 bytes ==> POST http://localhost:8080/[0m
[0;34mHTTP/1.1 200    17.00 secs:      54 bytes ==> POST http://localhost:8080/[0m
[0;34mHTTP/1.1 200     0.16 secs:      54 bytes ==> POST http://localhost:8080/[0m
[0;34mHTTP/1.1 200     0.16 secs:      54 bytes ==> POST http://localhost:8080/[0m
[0;34mHTTP/1.1 200    17.04 secs:      54 bytes ==> POST http://localhost:8080/[0m
[0;34mHTTP/1.1 200     0.12 secs:      54 bytes ==> POST http://localhost:8080/[0m
[0;34mHTTP/1.1 200     0.12 secs:      54 bytes ==> POST http://localhost:8080/[0m
[0;34mHTTP/1.1 200     0.08 secs:      54 bytes ==> POST http://localhost:8080/[0m
[0;34mHTTP/1.1 200     0.06 secs:      54 bytes ==> POST http://localhost:8080/[0m
[0;34mHTTP/1.1 200     0.06 secs:      54 bytes ==> POST http://localhost:8080/[0m
[0;34mHTTP/1.1 200     0.06 secs:      54 bytes ==> POST http://localhost:8080/[0m
[0;34mHTTP/1.1 200     0.06 secs:    
Transactions:		         873 hits
Availability:		       87.30 %
Elapsed time:		       35.93 secs
Data transferred:	        0.04 MB
Response time:		        2.09 secs
Transaction rate:	       24.30 trans/sec
Throughput:		        0.00 MB/sec
Concurrency:		       50.76
Successful transactions:         873
Failed transactions:	         127
Longest transaction:	       35.02
Shortest transaction:	        0.05
 
  54 bytes ==> POST http://localhost:8080/[0m
[0;34mHTTP/1.1 200     0.06 secs:      54 bytes ==> POST http://localhost:8080/[0m
[0;34mHTTP/1.1 200     0.05 secs:      54 bytes ==> POST http://localhost:8080/[0m
[0;34mHTTP/1.1 200     0.03 secs:      54 bytes ==> POST http://localhost:8080/[0m
[0;34mHTTP/1.1 200    35.02 secs:      54 bytes ==> POST http://localhost:8080/[0m
[0;34mHTTP/1.1 200     0.02 secs:      54 bytes ==> POST http://localhost:8080/[0m
[0;34mHTTP/1.1 200     0.02 secs:      54 bytes ==> POST http://localhost:8080/[0m
